Running ram&cpu.py...
Processing 000000000360.jpg...

image 1/1 /home/Nasr/Desktop/YOLO-FINAL/coco128/images/train2017/000000000360.jpg: 480x640 1 person, 1 snowboard, 5125.0ms
Speed: 8.8ms preprocess, 5125.0ms inference, 4.4ms postprocess per image at shape (1, 3, 480, 640)
Processing 000000000404.jpg...

image 1/1 /home/Nasr/Desktop/YOLO-FINAL/coco128/images/train2017/000000000404.jpg: 640x448 3 boats, 4787.5ms
Speed: 5.3ms preprocess, 4787.5ms inference, 3.9ms postprocess per image at shape (1, 3, 640, 448)
Processing 000000000349.jpg...

image 1/1 /home/Nasr/Desktop/YOLO-FINAL/coco128/images/train2017/000000000349.jpg: 480x640 1 train, 1 potted plant, 5066.7ms
Speed: 4.0ms preprocess, 5066.7ms inference, 3.1ms postprocess per image at shape (1, 3, 480, 640)
Processing 000000000151.jpg...

image 1/1 /home/Nasr/Desktop/YOLO-FINAL/coco128/images/train2017/000000000151.jpg: 640x480 1 person, 1 train, 1 stop sign, 5075.3ms
Speed: 4.4ms preprocess, 5075.3ms inference, 3.5ms postprocess per image at shape (1, 3, 640, 480)
Processing 000000000626.jpg...

image 1/1 /home/Nasr/Desktop/YOLO-FINAL/coco128/images/train2017/000000000626.jpg: 480x640 2 clocks, 4983.2ms
Speed: 5.0ms preprocess, 4983.2ms inference, 3.4ms postprocess per image at shape (1, 3, 480, 640)
Processing 000000000529.jpg...

image 1/1 /home/Nasr/Desktop/YOLO-FINAL/coco128/images/train2017/000000000529.jpg: 640x448 2 persons, 1 motorcycle, 4706.7ms
Speed: 4.2ms preprocess, 4706.7ms inference, 3.0ms postprocess per image at shape (1, 3, 640, 448)
Processing 000000000569.jpg...

image 1/1 /home/Nasr/Desktop/YOLO-FINAL/coco128/images/train2017/000000000569.jpg: 480x640 1 person, 1 bench, 5262.1ms
Speed: 4.6ms preprocess, 5262.1ms inference, 3.5ms postprocess per image at shape (1, 3, 480, 640)
Processing 000000000531.jpg...

image 1/1 /home/Nasr/Desktop/YOLO-FINAL/coco128/images/train2017/000000000531.jpg: 480x640 9 persons, 1 tennis racket, 5113.1ms
Speed: 7.0ms preprocess, 5113.1ms inference, 3.8ms postprocess per image at shape (1, 3, 480, 640)
Processing 000000000359.jpg...

image 1/1 /home/Nasr/Desktop/YOLO-FINAL/coco128/images/train2017/000000000359.jpg: 448x640 1 car, 3 traffic lights, 4766.0ms
Speed: 7.7ms preprocess, 4766.0ms inference, 3.6ms postprocess per image at shape (1, 3, 448, 640)
Processing 000000000094.jpg...

image 1/1 /home/Nasr/Desktop/YOLO-FINAL/coco128/images/train2017/000000000094.jpg: 448x640 1 car, 1 truck, 4673.1ms
Speed: 3.7ms preprocess, 4673.1ms inference, 3.2ms postprocess per image at shape (1, 3, 448, 640)
Processing 000000000490.jpg...

image 1/1 /home/Nasr/Desktop/YOLO-FINAL/coco128/images/train2017/000000000490.jpg: 640x640 1 dog, 1 skateboard, 6760.4ms
Speed: 11.8ms preprocess, 6760.4ms inference, 3.6ms postprocess per image at shape (1, 3, 640, 640)
Processing 000000000459.jpg...

image 1/1 /home/Nasr/Desktop/YOLO-FINAL/coco128/images/train2017/000000000459.jpg: 640x544 1 person, 1 tie, 5783.9ms
Speed: 6.8ms preprocess, 5783.9ms inference, 5.0ms postprocess per image at shape (1, 3, 640, 544)
Processing 000000000247.jpg...

image 1/1 /home/Nasr/Desktop/YOLO-FINAL/coco128/images/train2017/000000000247.jpg: 448x640 2 cars, 2 airplanes, 2 trucks, 4741.1ms
Speed: 7.1ms preprocess, 4741.1ms inference, 4.0ms postprocess per image at shape (1, 3, 448, 640)
Processing 000000000042.jpg...

image 1/1 /home/Nasr/Desktop/YOLO-FINAL/coco128/images/train2017/000000000042.jpg: 480x640 1 dog, 1 sports ball, 5064.6ms
Speed: 3.7ms preprocess, 5064.6ms inference, 3.3ms postprocess per image at shape (1, 3, 480, 640)
Processing 000000000143.jpg...

image 1/1 /home/Nasr/Desktop/YOLO-FINAL/coco128/images/train2017/000000000143.jpg: 544x640 8 birds, 5701.1ms
Speed: 10.3ms preprocess, 5701.1ms inference, 3.7ms postprocess per image at shape (1, 3, 544, 640)
Processing 000000000625.jpg...

image 1/1 /home/Nasr/Desktop/YOLO-FINAL/coco128/images/train2017/000000000625.jpg: 448x640 4 persons, 1 frisbee, 4737.7ms
Speed: 4.4ms preprocess, 4737.7ms inference, 3.2ms postprocess per image at shape (1, 3, 448, 640)
Processing 000000000572.jpg...

image 1/1 /home/Nasr/Desktop/YOLO-FINAL/coco128/images/train2017/000000000572.jpg: 640x448 2 persons, 1 suitcase, 4789.4ms
Speed: 3.4ms preprocess, 4789.4ms inference, 3.0ms postprocess per image at shape (1, 3, 640, 448)
Processing 000000000368.jpg...

image 1/1 /home/Nasr/Desktop/YOLO-FINAL/coco128/images/train2017/000000000368.jpg: 640x480 10 persons, 2 sports balls, 5198.0ms
Speed: 5.8ms preprocess, 5198.0ms inference, 3.8ms postprocess per image at shape (1, 3, 640, 480)
Processing 000000000488.jpg...

image 1/1 /home/Nasr/Desktop/YOLO-FINAL/coco128/images/train2017/000000000488.jpg: 416x640 5 persons, 1 sports ball, 1 baseball bat, 1 baseball glove, 4408.5ms
Speed: 3.7ms preprocess, 4408.5ms inference, 3.0ms postprocess per image at shape (1, 3, 416, 640)
Processing 000000000142.jpg...

image 1/1 /home/Nasr/Desktop/YOLO-FINAL/coco128/images/train2017/000000000142.jpg: 640x480 2 bottles, 3 bananas, 1 sandwich, 1 dining table, 5155.8ms
Speed: 4.9ms preprocess, 5155.8ms inference, 3.5ms postprocess per image at shape (1, 3, 640, 480)
Processing 000000000144.jpg...

image 1/1 /home/Nasr/Desktop/YOLO-FINAL/coco128/images/train2017/000000000144.jpg: 480x640 4 giraffes, 5044.5ms
Speed: 5.1ms preprocess, 5044.5ms inference, 3.6ms postprocess per image at shape (1, 3, 480, 640)
Processing 000000000078.jpg...

image 1/1 /home/Nasr/Desktop/YOLO-FINAL/coco128/images/train2017/000000000078.jpg: 640x640 1 clock, 6757.3ms
Speed: 13.7ms preprocess, 6757.3ms inference, 3.4ms postprocess per image at shape (1, 3, 640, 640)
Processing 000000000092.jpg...

image 1/1 /home/Nasr/Desktop/YOLO-FINAL/coco128/images/train2017/000000000092.jpg: 448x640 1 fork, 1 cake, 1 dining table, 4728.3ms
Speed: 3.5ms preprocess, 4728.3ms inference, 3.1ms postprocess per image at shape (1, 3, 448, 640)
Processing 000000000086.jpg...

image 1/1 /home/Nasr/Desktop/YOLO-FINAL/coco128/images/train2017/000000000086.jpg: 640x512 1 person, 1 motorcycle, 1 handbag, 5342.2ms
Speed: 5.7ms preprocess, 5342.2ms inference, 3.5ms postprocess per image at shape (1, 3, 640, 512)
Processing 000000000113.jpg...

image 1/1 /home/Nasr/Desktop/YOLO-FINAL/coco128/images/train2017/000000000113.jpg: 640x416 3 persons, 6 cups, 1 knife, 1 cake, 2 chairs, 1 dining table, 4428.4ms
Speed: 4.6ms preprocess, 4428.4ms inference, 2.9ms postprocess per image at shape (1, 3, 640, 416)
Processing 000000000315.jpg...

image 1/1 /home/Nasr/Desktop/YOLO-FINAL/coco128/images/train2017/000000000315.jpg: 448x640 7 persons, 14 umbrellas, 1 handbag, 3 chairs, 4733.8ms
Speed: 5.5ms preprocess, 4733.8ms inference, 3.9ms postprocess per image at shape (1, 3, 448, 640)
Processing 000000000446.jpg...

image 1/1 /home/Nasr/Desktop/YOLO-FINAL/coco128/images/train2017/000000000446.jpg: 640x480 1 person, 1 couch, 1 potted plant, 1 remote, 5107.7ms
Speed: 3.7ms preprocess, 5107.7ms inference, 3.7ms postprocess per image at shape (1, 3, 640, 480)
Processing 000000000071.jpg...

image 1/1 /home/Nasr/Desktop/YOLO-FINAL/coco128/images/train2017/000000000071.jpg: 448x640 5 cars, 1 train, 4678.2ms
Speed: 5.3ms preprocess, 4678.2ms inference, 3.3ms postprocess per image at shape (1, 3, 448, 640)
Processing 000000000589.jpg...

image 1/1 /home/Nasr/Desktop/YOLO-FINAL/coco128/images/train2017/000000000589.jpg: 480x640 1 person, 5049.9ms
Speed: 6.8ms preprocess, 5049.9ms inference, 3.3ms postprocess per image at shape (1, 3, 480, 640)
Processing 000000000560.jpg...

image 1/1 /home/Nasr/Desktop/YOLO-FINAL/coco128/images/train2017/000000000560.jpg: 448x640 1 potted plant, 1 sink, 4779.1ms
Speed: 9.2ms preprocess, 4779.1ms inference, 3.7ms postprocess per image at shape (1, 3, 448, 640)
Processing 000000000073.jpg...

image 1/1 /home/Nasr/Desktop/YOLO-FINAL/coco128/images/train2017/000000000073.jpg: 640x576 2 motorcycles, 6037.3ms
Speed: 4.6ms preprocess, 6037.3ms inference, 3.8ms postprocess per image at shape (1, 3, 640, 576)
Processing 000000000474.jpg...

image 1/1 /home/Nasr/Desktop/YOLO-FINAL/coco128/images/train2017/000000000474.jpg: 640x448 1 person, 1 baseball glove, 4768.2ms
Speed: 7.8ms preprocess, 4768.2ms inference, 3.4ms postprocess per image at shape (1, 3, 640, 448)
Processing 000000000595.jpg...

image 1/1 /home/Nasr/Desktop/YOLO-FINAL/coco128/images/train2017/000000000595.jpg: 480x640 1 tv, 5004.0ms
Speed: 5.6ms preprocess, 5004.0ms inference, 3.3ms postprocess per image at shape (1, 3, 480, 640)
Processing 000000000581.jpg...

image 1/1 /home/Nasr/Desktop/YOLO-FINAL/coco128/images/train2017/000000000581.jpg: 640x608 1 person, 1 dog, 6397.4ms
Speed: 11.6ms preprocess, 6397.4ms inference, 3.7ms postprocess per image at shape (1, 3, 640, 608)
Processing 000000000438.jpg...

image 1/1 /home/Nasr/Desktop/YOLO-FINAL/coco128/images/train2017/000000000438.jpg: 480x640 17 donuts, 5130.9ms
Speed: 4.3ms preprocess, 5130.9ms inference, 3.3ms postprocess per image at shape (1, 3, 480, 640)
Processing 000000000564.jpg...

image 1/1 /home/Nasr/Desktop/YOLO-FINAL/coco128/images/train2017/000000000564.jpg: 640x544 2 persons, 1 tennis racket, 18 chairs, 5707.2ms
Speed: 5.5ms preprocess, 5707.2ms inference, 3.9ms postprocess per image at shape (1, 3, 640, 544)
Processing 000000000472.jpg...

image 1/1 /home/Nasr/Desktop/YOLO-FINAL/coco128/images/train2017/000000000472.jpg: 256x640 1 airplane, 2718.2ms
Speed: 2.8ms preprocess, 2718.2ms inference, 2.5ms postprocess per image at shape (1, 3, 256, 640)
Processing 000000000584.jpg...

image 1/1 /home/Nasr/Desktop/YOLO-FINAL/coco128/images/train2017/000000000584.jpg: 448x640 1 spoon, 1 bowl, 9 carrots, 4644.1ms
Speed: 5.2ms preprocess, 4644.1ms inference, 3.9ms postprocess per image at shape (1, 3, 448, 640)
Processing 000000000081.jpg...

image 1/1 /home/Nasr/Desktop/YOLO-FINAL/coco128/images/train2017/000000000081.jpg: 448x640 1 airplane, 4840.7ms
Speed: 10.4ms preprocess, 4840.7ms inference, 4.7ms postprocess per image at shape (1, 3, 448, 640)
Processing 000000000387.jpg...

image 1/1 /home/Nasr/Desktop/YOLO-FINAL/coco128/images/train2017/000000000387.jpg: 480x640 1 person, 2 laptops, 1 cell phone, 4968.6ms
Speed: 3.5ms preprocess, 4968.6ms inference, 3.8ms postprocess per image at shape (1, 3, 480, 640)
Processing 000000000542.jpg...

image 1/1 /home/Nasr/Desktop/YOLO-FINAL/coco128/images/train2017/000000000542.jpg: 512x640 11 persons, 1 airplane, 5445.3ms
Speed: 3.8ms preprocess, 5445.3ms inference, 3.9ms postprocess per image at shape (1, 3, 512, 640)
Processing 000000000562.jpg...

image 1/1 /home/Nasr/Desktop/YOLO-FINAL/coco128/images/train2017/000000000562.jpg: 640x448 1 cup, 4 toothbrushs, 4681.9ms
Speed: 4.7ms preprocess, 4681.9ms inference, 3.8ms postprocess per image at shape (1, 3, 640, 448)
Processing 000000000532.jpg...

image 1/1 /home/Nasr/Desktop/YOLO-FINAL/coco128/images/train2017/000000000532.jpg: 480x640 2 persons, 2 buss, 1 truck, 1 handbag, 5076.5ms
Speed: 4.0ms preprocess, 5076.5ms inference, 3.6ms postprocess per image at shape (1, 3, 480, 640)
Processing 000000000283.jpg...

image 1/1 /home/Nasr/Desktop/YOLO-FINAL/coco128/images/train2017/000000000283.jpg: 640x448 1 bottle, 1 wine glass, 2 chairs, 1 dining table, 4728.7ms
Speed: 3.4ms preprocess, 4728.7ms inference, 3.2ms postprocess per image at shape (1, 3, 640, 448)
Processing 000000000127.jpg...

image 1/1 /home/Nasr/Desktop/YOLO-FINAL/coco128/images/train2017/000000000127.jpg: 512x640 2 benchs, 1 backpack, 4 umbrellas, 1 cup, 1 knife, 1 spoon, 1 cake, 3 dining tables, 2 books, 5410.8ms
Speed: 5.0ms preprocess, 5410.8ms inference, 3.4ms postprocess per image at shape (1, 3, 512, 640)
Processing 000000000450.jpg...

image 1/1 /home/Nasr/Desktop/YOLO-FINAL/coco128/images/train2017/000000000450.jpg: 480x640 2 bottles, 2 wine glasss, 1 cup, 1 pizza, 1 dining table, 4998.4ms
Speed: 7.9ms preprocess, 4998.4ms inference, 4.1ms postprocess per image at shape (1, 3, 480, 640)
Processing 000000000575.jpg...

image 1/1 /home/Nasr/Desktop/YOLO-FINAL/coco128/images/train2017/000000000575.jpg: 544x640 1 cat, 5759.5ms
Speed: 5.6ms preprocess, 5759.5ms inference, 3.5ms postprocess per image at shape (1, 3, 544, 640)
Processing 000000000322.jpg...

image 1/1 /home/Nasr/Desktop/YOLO-FINAL/coco128/images/train2017/000000000322.jpg: 512x640 1 person, 2 frisbees, 5314.5ms
Speed: 6.5ms preprocess, 5314.5ms inference, 3.8ms postprocess per image at shape (1, 3, 512, 640)
Processing 000000000415.jpg...

image 1/1 /home/Nasr/Desktop/YOLO-FINAL/coco128/images/train2017/000000000415.jpg: 640x384 2 persons, 1 tennis racket, 4113.9ms
Speed: 6.0ms preprocess, 4113.9ms inference, 3.2ms postprocess per image at shape (1, 3, 640, 384)
Processing 000000000431.jpg...

image 1/1 /home/Nasr/Desktop/YOLO-FINAL/coco128/images/train2017/000000000431.jpg: 416x640 1 person, 1 sports ball, 1 tennis racket, 4384.4ms
Speed: 4.1ms preprocess, 4384.4ms inference, 3.0ms postprocess per image at shape (1, 3, 416, 640)
Processing 000000000471.jpg...

image 1/1 /home/Nasr/Desktop/YOLO-FINAL/coco128/images/train2017/000000000471.jpg: 448x640 1 bus, 4738.7ms
Speed: 4.6ms preprocess, 4738.7ms inference, 3.0ms postprocess per image at shape (1, 3, 448, 640)
Processing 000000000036.jpg...

image 1/1 /home/Nasr/Desktop/YOLO-FINAL/coco128/images/train2017/000000000036.jpg: 640x512 1 person, 1 umbrella, 5449.4ms
Speed: 5.1ms preprocess, 5449.4ms inference, 3.2ms postprocess per image at shape (1, 3, 640, 512)
Processing 000000000620.jpg...

image 1/1 /home/Nasr/Desktop/YOLO-FINAL/coco128/images/train2017/000000000620.jpg: 640x480 2 pizzas, 1 oven, 1 refrigerator, 5125.8ms
Speed: 6.3ms preprocess, 5125.8ms inference, 3.2ms postprocess per image at shape (1, 3, 640, 480)
Processing 000000000326.jpg...

image 1/1 /home/Nasr/Desktop/YOLO-FINAL/coco128/images/train2017/000000000326.jpg: 448x640 1 person, 1 wine glass, 4706.7ms
Speed: 3.6ms preprocess, 4706.7ms inference, 3.1ms postprocess per image at shape (1, 3, 448, 640)
Processing 000000000590.jpg...

image 1/1 /home/Nasr/Desktop/YOLO-FINAL/coco128/images/train2017/000000000590.jpg: 640x544 1 sink, 5684.2ms
Speed: 10.1ms preprocess, 5684.2ms inference, 3.8ms postprocess per image at shape (1, 3, 640, 544)
Processing 000000000133.jpg...

image 1/1 /home/Nasr/Desktop/YOLO-FINAL/coco128/images/train2017/000000000133.jpg: 480x640 2 beds, 4983.5ms
Speed: 5.5ms preprocess, 4983.5ms inference, 3.6ms postprocess per image at shape (1, 3, 480, 640)
Processing 000000000149.jpg...

image 1/1 /home/Nasr/Desktop/YOLO-FINAL/coco128/images/train2017/000000000149.jpg: 448x640 6 persons, 4 kites, 4694.3ms
Speed: 3.8ms preprocess, 4694.3ms inference, 3.4ms postprocess per image at shape (1, 3, 448, 640)
Processing 000000000486.jpg...

image 1/1 /home/Nasr/Desktop/YOLO-FINAL/coco128/images/train2017/000000000486.jpg: 448x640 1 bowl, 4739.5ms
Speed: 3.3ms preprocess, 4739.5ms inference, 3.5ms postprocess per image at shape (1, 3, 448, 640)
Processing 000000000397.jpg...

image 1/1 /home/Nasr/Desktop/YOLO-FINAL/coco128/images/train2017/000000000397.jpg: 480x640 1 person, 1 cup, 1 pizza, 2 chairs, 5131.5ms
Speed: 7.2ms preprocess, 5131.5ms inference, 3.5ms postprocess per image at shape (1, 3, 480, 640)
Processing 000000000629.jpg...

image 1/1 /home/Nasr/Desktop/YOLO-FINAL/coco128/images/train2017/000000000629.jpg: 448x640 1 motorcycle, 4775.2ms
Speed: 3.3ms preprocess, 4775.2ms inference, 3.3ms postprocess per image at shape (1, 3, 448, 640)
Processing 000000000400.jpg...

image 1/1 /home/Nasr/Desktop/YOLO-FINAL/coco128/images/train2017/000000000400.jpg: 640x640 1 boat, 2 dogs, 6811.3ms
Speed: 6.9ms preprocess, 6811.3ms inference, 3.7ms postprocess per image at shape (1, 3, 640, 640)
Processing 000000000623.jpg...

image 1/1 /home/Nasr/Desktop/YOLO-FINAL/coco128/images/train2017/000000000623.jpg: 640x480 1 person, 1 chair, 1 teddy bear, 5066.5ms
Speed: 7.5ms preprocess, 5066.5ms inference, 3.2ms postprocess per image at shape (1, 3, 640, 480)
Processing 000000000605.jpg...

image 1/1 /home/Nasr/Desktop/YOLO-FINAL/coco128/images/train2017/000000000605.jpg: 480x640 2 cups, 1 spoon, 1 cake, 1 dining table, 5064.6ms
Speed: 3.8ms preprocess, 5064.6ms inference, 3.7ms postprocess per image at shape (1, 3, 480, 640)
Processing 000000000370.jpg...

image 1/1 /home/Nasr/Desktop/YOLO-FINAL/coco128/images/train2017/000000000370.jpg: 640x480 1 person, 1 broccoli, 5107.2ms
Speed: 4.5ms preprocess, 5107.2ms inference, 3.4ms postprocess per image at shape (1, 3, 640, 480)
Processing 000000000294.jpg...

image 1/1 /home/Nasr/Desktop/YOLO-FINAL/coco128/images/train2017/000000000294.jpg: 448x640 1 person, 1 fork, 7 knifes, 3 spoons, 3 microwaves, 1 oven, 1 clock, 4761.1ms
Speed: 3.2ms preprocess, 4761.1ms inference, 4.0ms postprocess per image at shape (1, 3, 448, 640)
Processing 000000000049.jpg...

image 1/1 /home/Nasr/Desktop/YOLO-FINAL/coco128/images/train2017/000000000049.jpg: 640x512 5 persons, 2 horses, 1 potted plant, 5366.1ms
Speed: 8.6ms preprocess, 5366.1ms inference, 3.5ms postprocess per image at shape (1, 3, 640, 512)
Processing 000000000136.jpg...

image 1/1 /home/Nasr/Desktop/YOLO-FINAL/coco128/images/train2017/000000000136.jpg: 480x640 2 persons, 2 giraffes, 5054.4ms
Speed: 9.7ms preprocess, 5054.4ms inference, 3.5ms postprocess per image at shape (1, 3, 480, 640)
Processing 000000000309.jpg...

image 1/1 /home/Nasr/Desktop/YOLO-FINAL/coco128/images/train2017/000000000309.jpg: 640x640 1 dog, 2 ties, 3 teddy bears, 6726.6ms
Speed: 12.1ms preprocess, 6726.6ms inference, 3.8ms postprocess per image at shape (1, 3, 640, 640)
Processing 000000000208.jpg...

image 1/1 /home/Nasr/Desktop/YOLO-FINAL/coco128/images/train2017/000000000208.jpg: 480x640 3 sinks, 2 toothbrushs, 5124.0ms
Speed: 4.6ms preprocess, 5124.0ms inference, 3.2ms postprocess per image at shape (1, 3, 480, 640)
Processing 000000000382.jpg...

image 1/1 /home/Nasr/Desktop/YOLO-FINAL/coco128/images/train2017/000000000382.jpg: 480x640 1 person, 2 backpacks, 1 skis, 5190.7ms
Speed: 4.4ms preprocess, 5190.7ms inference, 4.0ms postprocess per image at shape (1, 3, 480, 640)
Processing 000000000061.jpg...

image 1/1 /home/Nasr/Desktop/YOLO-FINAL/coco128/images/train2017/000000000061.jpg: 512x640 2 persons, 2 elephants, 5487.5ms
Speed: 4.1ms preprocess, 5487.5ms inference, 3.8ms postprocess per image at shape (1, 3, 512, 640)
Processing 000000000025.jpg...

image 1/1 /home/Nasr/Desktop/YOLO-FINAL/coco128/images/train2017/000000000025.jpg: 448x640 2 giraffes, 4699.4ms
Speed: 3.9ms preprocess, 4699.4ms inference, 3.3ms postprocess per image at shape (1, 3, 448, 640)
Processing 000000000109.jpg...

image 1/1 /home/Nasr/Desktop/YOLO-FINAL/coco128/images/train2017/000000000109.jpg: 416x640 4 persons, 3 benchs, 4416.6ms
Speed: 5.6ms preprocess, 4416.6ms inference, 2.9ms postprocess per image at shape (1, 3, 416, 640)
Processing 000000000321.jpg...

image 1/1 /home/Nasr/Desktop/YOLO-FINAL/coco128/images/train2017/000000000321.jpg: 480x640 1 bowl, 1 sandwich, 3 hot dogs, 5008.2ms
Speed: 4.7ms preprocess, 5008.2ms inference, 3.1ms postprocess per image at shape (1, 3, 480, 640)
Processing 000000000436.jpg...

image 1/1 /home/Nasr/Desktop/YOLO-FINAL/coco128/images/train2017/000000000436.jpg: 640x448 1 person, 1 bottle, 1 donut, 4764.0ms
Speed: 3.4ms preprocess, 4764.0ms inference, 3.2ms postprocess per image at shape (1, 3, 640, 448)
Processing 000000000192.jpg...

image 1/1 /home/Nasr/Desktop/YOLO-FINAL/coco128/images/train2017/000000000192.jpg: 480x640 4 persons, 1 baseball bat, 5152.5ms
Speed: 5.1ms preprocess, 5152.5ms inference, 3.7ms postprocess per image at shape (1, 3, 480, 640)
Processing 000000000384.jpg...

image 1/1 /home/Nasr/Desktop/YOLO-FINAL/coco128/images/train2017/000000000384.jpg: 640x448 2 couchs, 5 books, 1 clock, 4804.8ms
Speed: 5.0ms preprocess, 4804.8ms inference, 3.2ms postprocess per image at shape (1, 3, 640, 448)
Processing 000000000395.jpg...

image 1/1 /home/Nasr/Desktop/YOLO-FINAL/coco128/images/train2017/000000000395.jpg: 608x640 9 persons, 2 cell phones, 6407.8ms
Speed: 5.6ms preprocess, 6407.8ms inference, 4.3ms postprocess per image at shape (1, 3, 608, 640)
Processing 000000000201.jpg...

image 1/1 /home/Nasr/Desktop/YOLO-FINAL/coco128/images/train2017/000000000201.jpg: 448x640 1 person, 5 snowboards, 4786.4ms
Speed: 6.2ms preprocess, 4786.4ms inference, 4.1ms postprocess per image at shape (1, 3, 448, 640)
Processing 000000000307.jpg...

image 1/1 /home/Nasr/Desktop/YOLO-FINAL/coco128/images/train2017/000000000307.jpg: 480x640 1 car, 1 dog, 1 frisbee, 5027.4ms
Speed: 3.5ms preprocess, 5027.4ms inference, 3.7ms postprocess per image at shape (1, 3, 480, 640)
Processing 000000000196.jpg...

image 1/1 /home/Nasr/Desktop/YOLO-FINAL/coco128/images/train2017/000000000196.jpg: 480x640 1 fork, 7 spoons, 13 bowls, 9 carrots, 1 dining table, 5069.0ms
Speed: 3.7ms preprocess, 5069.0ms inference, 4.8ms postprocess per image at shape (1, 3, 480, 640)
Processing 000000000510.jpg...

image 1/1 /home/Nasr/Desktop/YOLO-FINAL/coco128/images/train2017/000000000510.jpg: 480x640 1 person, 1 bench, 5048.7ms
Speed: 5.1ms preprocess, 5048.7ms inference, 3.5ms postprocess per image at shape (1, 3, 480, 640)
Processing 000000000540.jpg...

image 1/1 /home/Nasr/Desktop/YOLO-FINAL/coco128/images/train2017/000000000540.jpg: 448x640 1 airplane, 4804.8ms
Speed: 9.0ms preprocess, 4804.8ms inference, 3.7ms postprocess per image at shape (1, 3, 448, 640)
Processing 000000000357.jpg...

image 1/1 /home/Nasr/Desktop/YOLO-FINAL/coco128/images/train2017/000000000357.jpg: 224x640 8 persons, 1 baseball bat, 1 baseball glove, 2392.3ms
Speed: 1.7ms preprocess, 2392.3ms inference, 2.1ms postprocess per image at shape (1, 3, 224, 640)
Processing 000000000650.jpg...

image 1/1 /home/Nasr/Desktop/YOLO-FINAL/coco128/images/train2017/000000000650.jpg: 448x640 1 car, 1 cat, 4712.1ms
Speed: 3.8ms preprocess, 4712.1ms inference, 3.0ms postprocess per image at shape (1, 3, 448, 640)
Processing 000000000312.jpg...

image 1/1 /home/Nasr/Desktop/YOLO-FINAL/coco128/images/train2017/000000000312.jpg: 448x640 5 elephants, 4834.7ms
Speed: 4.2ms preprocess, 4834.7ms inference, 3.1ms postprocess per image at shape (1, 3, 448, 640)
Processing 000000000072.jpg...

image 1/1 /home/Nasr/Desktop/YOLO-FINAL/coco128/images/train2017/000000000072.jpg: 640x448 2 giraffes, 4696.3ms
Speed: 4.1ms preprocess, 4696.3ms inference, 3.6ms postprocess per image at shape (1, 3, 640, 448)
Processing 000000000544.jpg...

image 1/1 /home/Nasr/Desktop/YOLO-FINAL/coco128/images/train2017/000000000544.jpg: 448x640 6 persons, 1 sports ball, 1 baseball bat, 1 baseball glove, 4783.1ms
Speed: 3.9ms preprocess, 4783.1ms inference, 3.4ms postprocess per image at shape (1, 3, 448, 640)
Processing 000000000194.jpg...

image 1/1 /home/Nasr/Desktop/YOLO-FINAL/coco128/images/train2017/000000000194.jpg: 480x640 1 knife, 1 pizza, 5071.0ms
Speed: 4.6ms preprocess, 5071.0ms inference, 3.3ms postprocess per image at shape (1, 3, 480, 640)
Processing 000000000338.jpg...

image 1/1 /home/Nasr/Desktop/YOLO-FINAL/coco128/images/train2017/000000000338.jpg: 352x640 2 persons, 1 handbag, 1 oven, 1 sink, 2 refrigerators, 1 clock, 3846.9ms
Speed: 3.5ms preprocess, 3846.9ms inference, 3.3ms postprocess per image at shape (1, 3, 352, 640)
Processing 000000000077.jpg...

image 1/1 /home/Nasr/Desktop/YOLO-FINAL/coco128/images/train2017/000000000077.jpg: 480x640 5 persons, 3 skateboards, 5123.2ms
Speed: 8.5ms preprocess, 5123.2ms inference, 3.8ms postprocess per image at shape (1, 3, 480, 640)
Processing 000000000508.jpg...

image 1/1 /home/Nasr/Desktop/YOLO-FINAL/coco128/images/train2017/000000000508.jpg: 480x640 (no detections), 5103.9ms
Speed: 5.3ms preprocess, 5103.9ms inference, 3.2ms postprocess per image at shape (1, 3, 480, 640)
Processing 000000000389.jpg...

image 1/1 /home/Nasr/Desktop/YOLO-FINAL/coco128/images/train2017/000000000389.jpg: 480x640 8 persons, 1 backpack, 2 ties, 5083.4ms
Speed: 3.8ms preprocess, 5083.4ms inference, 3.7ms postprocess per image at shape (1, 3, 480, 640)
Processing 000000000250.jpg...

image 1/1 /home/Nasr/Desktop/YOLO-FINAL/coco128/images/train2017/000000000250.jpg: 480x640 (no detections), 5101.4ms
Speed: 6.4ms preprocess, 5101.4ms inference, 2.9ms postprocess per image at shape (1, 3, 480, 640)
Processing 000000000597.jpg...

image 1/1 /home/Nasr/Desktop/YOLO-FINAL/coco128/images/train2017/000000000597.jpg: 256x640 7 elephants, 2804.2ms
Speed: 2.3ms preprocess, 2804.2ms inference, 2.3ms postprocess per image at shape (1, 3, 256, 640)
Processing 000000000154.jpg...

image 1/1 /home/Nasr/Desktop/YOLO-FINAL/coco128/images/train2017/000000000154.jpg: 640x448 3 zebras, 4884.9ms
Speed: 9.0ms preprocess, 4884.9ms inference, 3.3ms postprocess per image at shape (1, 3, 640, 448)
Processing 000000000138.jpg...

image 1/1 /home/Nasr/Desktop/YOLO-FINAL/coco128/images/train2017/000000000138.jpg: 576x640 1 bottle, 1 bowl, 1 potted plant, 1 oven, 1 sink, 1 refrigerator, 1 clock, 2 vases, 6054.1ms
Speed: 5.4ms preprocess, 6054.1ms inference, 4.2ms postprocess per image at shape (1, 3, 576, 640)
Processing 000000000165.jpg...

image 1/1 /home/Nasr/Desktop/YOLO-FINAL/coco128/images/train2017/000000000165.jpg: 544x640 2 persons, 2 ties, 5676.7ms
Speed: 5.7ms preprocess, 5676.7ms inference, 4.3ms postprocess per image at shape (1, 3, 544, 640)
Processing 000000000089.jpg...

image 1/1 /home/Nasr/Desktop/YOLO-FINAL/coco128/images/train2017/000000000089.jpg: 480x640 6 knifes, 1 microwave, 1 oven, 2 books, 5033.8ms
Speed: 7.8ms preprocess, 5033.8ms inference, 3.4ms postprocess per image at shape (1, 3, 480, 640)
Processing 000000000009.jpg...

image 1/1 /home/Nasr/Desktop/YOLO-FINAL/coco128/images/train2017/000000000009.jpg: 480x640 3 bowls, 2 oranges, 1 broccoli, 4977.1ms
Speed: 4.4ms preprocess, 4977.1ms inference, 3.7ms postprocess per image at shape (1, 3, 480, 640)
Processing 000000000612.jpg...

image 1/1 /home/Nasr/Desktop/YOLO-FINAL/coco128/images/train2017/000000000612.jpg: 480x640 1 bed, 5 teddy bears, 5022.2ms
Speed: 3.7ms preprocess, 5022.2ms inference, 3.3ms postprocess per image at shape (1, 3, 480, 640)
Processing 000000000241.jpg...

image 1/1 /home/Nasr/Desktop/YOLO-FINAL/coco128/images/train2017/000000000241.jpg: 640x480 5 persons, 1 handbag, 1 frisbee, 1 bottle, 2 cups, 2 couchs, 1 potted plant, 1 remote, 5036.5ms
Speed: 3.7ms preprocess, 5036.5ms inference, 4.1ms postprocess per image at shape (1, 3, 640, 480)
Processing 000000000034.jpg...

image 1/1 /home/Nasr/Desktop/YOLO-FINAL/coco128/images/train2017/000000000034.jpg: 448x640 1 zebra, 4763.2ms
Speed: 5.0ms preprocess, 4763.2ms inference, 3.6ms postprocess per image at shape (1, 3, 448, 640)
Processing 000000000332.jpg...

image 1/1 /home/Nasr/Desktop/YOLO-FINAL/coco128/images/train2017/000000000332.jpg: 480x640 2 cups, 2 bowls, 2 carrots, 1 dining table, 5149.1ms
Speed: 4.1ms preprocess, 5149.1ms inference, 3.2ms postprocess per image at shape (1, 3, 480, 640)
Processing 000000000328.jpg...

image 1/1 /home/Nasr/Desktop/YOLO-FINAL/coco128/images/train2017/000000000328.jpg: 512x640 3 persons, 2 benchs, 2 backpacks, 3 ties, 1 cell phone, 1 book, 5386.1ms
Speed: 5.0ms preprocess, 5386.1ms inference, 3.3ms postprocess per image at shape (1, 3, 512, 640)
Processing 000000000636.jpg...

image 1/1 /home/Nasr/Desktop/YOLO-FINAL/coco128/images/train2017/000000000636.jpg: 640x480 1 toilet, 5059.2ms
Speed: 4.6ms preprocess, 5059.2ms inference, 7.8ms postprocess per image at shape (1, 3, 640, 480)
Processing 000000000394.jpg...

image 1/1 /home/Nasr/Desktop/YOLO-FINAL/coco128/images/train2017/000000000394.jpg: 640x640 1 dog, 1 frisbee, 6812.7ms
Speed: 5.6ms preprocess, 6812.7ms inference, 3.5ms postprocess per image at shape (1, 3, 640, 640)
Processing 000000000443.jpg...

image 1/1 /home/Nasr/Desktop/YOLO-FINAL/coco128/images/train2017/000000000443.jpg: 480x640 5 persons, 1 cat, 2 couchs, 1 remote, 1 clock, 5007.4ms
Speed: 3.4ms preprocess, 5007.4ms inference, 3.2ms postprocess per image at shape (1, 3, 480, 640)
Processing 000000000536.jpg...

image 1/1 /home/Nasr/Desktop/YOLO-FINAL/coco128/images/train2017/000000000536.jpg: 480x640 3 persons, 3 handbags, 2 chairs, 2 cell phones, 5176.3ms
Speed: 8.2ms preprocess, 5176.3ms inference, 3.3ms postprocess per image at shape (1, 3, 480, 640)
Processing 000000000502.jpg...

image 1/1 /home/Nasr/Desktop/YOLO-FINAL/coco128/images/train2017/000000000502.jpg: 448x640 1 bear, 5075.1ms
Speed: 4.0ms preprocess, 5075.1ms inference, 9.1ms postprocess per image at shape (1, 3, 448, 640)
Processing 000000000641.jpg...

image 1/1 /home/Nasr/Desktop/YOLO-FINAL/coco128/images/train2017/000000000641.jpg: 448x640 2 persons, 1 bicycle, 1 bus, 5032.0ms
Speed: 5.0ms preprocess, 5032.0ms inference, 4.3ms postprocess per image at shape (1, 3, 448, 640)
Processing 000000000514.jpg...

image 1/1 /home/Nasr/Desktop/YOLO-FINAL/coco128/images/train2017/000000000514.jpg: 640x384 2 beds, 4600.6ms
Speed: 4.2ms preprocess, 4600.6ms inference, 3.5ms postprocess per image at shape (1, 3, 640, 384)
Processing 000000000634.jpg...

image 1/1 /home/Nasr/Desktop/YOLO-FINAL/coco128/images/train2017/000000000634.jpg: 640x448 7 persons, 2 skateboards, 5205.2ms
Speed: 3.6ms preprocess, 5205.2ms inference, 4.2ms postprocess per image at shape (1, 3, 640, 448)
Processing 000000000263.jpg...

image 1/1 /home/Nasr/Desktop/YOLO-FINAL/coco128/images/train2017/000000000263.jpg: 640x608 2 elephants, 7008.8ms
Speed: 8.8ms preprocess, 7008.8ms inference, 5.1ms postprocess per image at shape (1, 3, 640, 608)
Processing 000000000419.jpg...

image 1/1 /home/Nasr/Desktop/YOLO-FINAL/coco128/images/train2017/000000000419.jpg: 480x640 2 persons, 1 tennis racket, 5733.2ms
Speed: 6.0ms preprocess, 5733.2ms inference, 3.8ms postprocess per image at shape (1, 3, 480, 640)
Processing 000000000030.jpg...

image 1/1 /home/Nasr/Desktop/YOLO-FINAL/coco128/images/train2017/000000000030.jpg: 448x640 1 potted plant, 1 vase, 5286.7ms
Speed: 5.3ms preprocess, 5286.7ms inference, 3.3ms postprocess per image at shape (1, 3, 448, 640)
Processing 000000000308.jpg...

image 1/1 /home/Nasr/Desktop/YOLO-FINAL/coco128/images/train2017/000000000308.jpg: 448x640 9 persons, 1 umbrella, 4 wine glasss, 2 potted plants, 1 dining table, 5048.9ms
Speed: 4.0ms preprocess, 5048.9ms inference, 3.3ms postprocess per image at shape (1, 3, 448, 640)
Processing 000000000257.jpg...

image 1/1 /home/Nasr/Desktop/YOLO-FINAL/coco128/images/train2017/000000000257.jpg: 480x640 12 persons, 1 motorcycle, 3 buss, 2 trucks, 2 traffic lights, 2 backpacks, 2 handbags, 5614.9ms
Speed: 4.3ms preprocess, 5614.9ms inference, 3.6ms postprocess per image at shape (1, 3, 480, 640)
Processing 000000000064.jpg...

image 1/1 /home/Nasr/Desktop/YOLO-FINAL/coco128/images/train2017/000000000064.jpg: 640x480 1 car, 1 truck, 1 stop sign, 2 clocks, 5587.5ms
Speed: 6.3ms preprocess, 5587.5ms inference, 3.3ms postprocess per image at shape (1, 3, 640, 480)
Processing 000000000164.jpg...

image 1/1 /home/Nasr/Desktop/YOLO-FINAL/coco128/images/train2017/000000000164.jpg: 480x640 6 bottles, 3 wine glasss, 2 cups, 1 bowl, 1 chair, 1 dining table, 1 microwave, 1 refrigerator, 5322.4ms
Speed: 5.1ms preprocess, 5322.4ms inference, 3.3ms postprocess per image at shape (1, 3, 480, 640)
Processing 000000000520.jpg...

image 1/1 /home/Nasr/Desktop/YOLO-FINAL/coco128/images/train2017/000000000520.jpg: 480x640 1 person, 8 birds, 5149.4ms
Speed: 7.5ms preprocess, 5149.4ms inference, 3.7ms postprocess per image at shape (1, 3, 480, 640)
Processing 000000000599.jpg...

image 1/1 /home/Nasr/Desktop/YOLO-FINAL/coco128/images/train2017/000000000599.jpg: 416x640 1 cat, 1 couch, 2 potted plants, 2 remotes, 4513.1ms
Speed: 3.3ms preprocess, 4513.1ms inference, 3.1ms postprocess per image at shape (1, 3, 416, 640)
Processing 000000000260.jpg...

image 1/1 /home/Nasr/Desktop/YOLO-FINAL/coco128/images/train2017/000000000260.jpg: 448x640 1 person, 2 cars, 1 bus, 4 suitcases, 5274.7ms
Speed: 9.0ms preprocess, 5274.7ms inference, 4.0ms postprocess per image at shape (1, 3, 448, 640)
Processing 000000000074.jpg...

image 1/1 /home/Nasr/Desktop/YOLO-FINAL/coco128/images/train2017/000000000074.jpg: 448x640 4 persons, 1 bicycle, 1 dog, 5367.3ms
Speed: 4.6ms preprocess, 5367.3ms inference, 3.1ms postprocess per image at shape (1, 3, 448, 640)
Processing 000000000428.jpg...

image 1/1 /home/Nasr/Desktop/YOLO-FINAL/coco128/images/train2017/000000000428.jpg: 384x640 1 person, 1 tie, 1 cake, 4418.3ms
Speed: 3.2ms preprocess, 4418.3ms inference, 5.5ms postprocess per image at shape (1, 3, 384, 640)
Processing 000000000491.jpg...

image 1/1 /home/Nasr/Desktop/YOLO-FINAL/coco128/images/train2017/000000000491.jpg: 416x640 4 teddy bears, 4860.7ms
Speed: 6.4ms preprocess, 4860.7ms inference, 4.2ms postprocess per image at shape (1, 3, 416, 640)
Processing 000000000643.jpg...

image 1/1 /home/Nasr/Desktop/YOLO-FINAL/coco128/images/train2017/000000000643.jpg: 480x640 1 bottle, 1 bowl, 1 tv, 5334.5ms
Speed: 8.7ms preprocess, 5334.5ms inference, 3.6ms postprocess per image at shape (1, 3, 480, 640)
Processing 000000000110.jpg...

image 1/1 /home/Nasr/Desktop/YOLO-FINAL/coco128/images/train2017/000000000110.jpg: 480x640 8 persons, 3 cups, 3 forks, 1 knife, 1 pizza, 4 chairs, 2 dining tables, 5020.8ms
Speed: 4.1ms preprocess, 5020.8ms inference, 4.3ms postprocess per image at shape (1, 3, 480, 640)
Average latency: 5083.393035456538

Inference completed for all images.
Average CPU Usage (script-specific): 157.01%
Average Memory Usage (script-specific): 7.18%
ram&cpu.py executed successfully.
----------------------------------------
Running validation.py...
Ultralytics 8.3.39 🚀 Python-3.11.2 torch-2.5.1 CPU (Cortex-A76)
YOLO11l summary (fused): 464 layers, 25,340,992 parameters, 0 gradients, 86.9 GFLOPs
[34m[1mval: [0mScanning /home/Nasr/Desktop/YOLO-FINAL/datasets/coco128/labels/train2017.cache... 126 images, 2 backgrounds, 0 corrupt: 100%|██████████| 128/128 [00:00<?, ?it/s][34m[1mval: [0mScanning /home/Nasr/Desktop/YOLO-FINAL/datasets/coco128/labels/train2017.cache... 126 images, 2 backgrounds, 0 corrupt: 100%|██████████| 128/128 [00:00<?, ?it/s]
                 Class     Images  Instances      Box(P          R      mAP50  mAP50-95):   0%|          | 0/8 [00:00<?, ?it/s]                 Class     Images  Instances      Box(P          R      mAP50  mAP50-95):  12%|█▎        | 1/8 [01:25<09:58, 85.57s/it]                 Class     Images  Instances      Box(P          R      mAP50  mAP50-95):  12%|█▎        | 1/8 [01:38<11:30, 98.69s/it]
Traceback (most recent call last):
  File "/home/Nasr/Desktop/YOLO-FINAL/validation.py", line 10, in <module>
    results = model.val(data="coco128.yaml")
              ^^^^^^^^^^^^^^^^^^^^^^^^^^^^^^
  File "/home/Nasr/Desktop/YOLO-FINAL/yolo/lib/python3.11/site-packages/ultralytics/engine/model.py", line 638, in val
    validator(model=self.model)
  File "/home/Nasr/Desktop/YOLO-FINAL/yolo/lib/python3.11/site-packages/torch/utils/_contextlib.py", line 116, in decorate_context
    return func(*args, **kwargs)
           ^^^^^^^^^^^^^^^^^^^^^
  File "/home/Nasr/Desktop/YOLO-FINAL/yolo/lib/python3.11/site-packages/ultralytics/engine/validator.py", line 180, in __call__
    preds = model(batch["img"], augment=augment)
            ^^^^^^^^^^^^^^^^^^^^^^^^^^^^^^^^^^^^
  File "/home/Nasr/Desktop/YOLO-FINAL/yolo/lib/python3.11/site-packages/torch/nn/modules/module.py", line 1736, in _wrapped_call_impl
    return self._call_impl(*args, **kwargs)
           ^^^^^^^^^^^^^^^^^^^^^^^^^^^^^^^^
  File "/home/Nasr/Desktop/YOLO-FINAL/yolo/lib/python3.11/site-packages/torch/nn/modules/module.py", line 1747, in _call_impl
    return forward_call(*args, **kwargs)
           ^^^^^^^^^^^^^^^^^^^^^^^^^^^^^
  File "/home/Nasr/Desktop/YOLO-FINAL/yolo/lib/python3.11/site-packages/ultralytics/nn/autobackend.py", line 526, in forward
    y = self.model(im, augment=augment, visualize=visualize, embed=embed)
        ^^^^^^^^^^^^^^^^^^^^^^^^^^^^^^^^^^^^^^^^^^^^^^^^^^^^^^^^^^^^^^^^^
  File "/home/Nasr/Desktop/YOLO-FINAL/yolo/lib/python3.11/site-packages/torch/nn/modules/module.py", line 1736, in _wrapped_call_impl
    return self._call_impl(*args, **kwargs)
           ^^^^^^^^^^^^^^^^^^^^^^^^^^^^^^^^
  File "/home/Nasr/Desktop/YOLO-FINAL/yolo/lib/python3.11/site-packages/torch/nn/modules/module.py", line 1747, in _call_impl
    return forward_call(*args, **kwargs)
           ^^^^^^^^^^^^^^^^^^^^^^^^^^^^^
  File "/home/Nasr/Desktop/YOLO-FINAL/yolo/lib/python3.11/site-packages/ultralytics/nn/tasks.py", line 112, in forward
    return self.predict(x, *args, **kwargs)
           ^^^^^^^^^^^^^^^^^^^^^^^^^^^^^^^^
  File "/home/Nasr/Desktop/YOLO-FINAL/yolo/lib/python3.11/site-packages/ultralytics/nn/tasks.py", line 130, in predict
    return self._predict_once(x, profile, visualize, embed)
           ^^^^^^^^^^^^^^^^^^^^^^^^^^^^^^^^^^^^^^^^^^^^^^^^
  File "/home/Nasr/Desktop/YOLO-FINAL/yolo/lib/python3.11/site-packages/ultralytics/nn/tasks.py", line 151, in _predict_once
    x = m(x)  # run
        ^^^^
  File "/home/Nasr/Desktop/YOLO-FINAL/yolo/lib/python3.11/site-packages/torch/nn/modules/module.py", line 1736, in _wrapped_call_impl
    return self._call_impl(*args, **kwargs)
           ^^^^^^^^^^^^^^^^^^^^^^^^^^^^^^^^
  File "/home/Nasr/Desktop/YOLO-FINAL/yolo/lib/python3.11/site-packages/torch/nn/modules/module.py", line 1747, in _call_impl
    return forward_call(*args, **kwargs)
           ^^^^^^^^^^^^^^^^^^^^^^^^^^^^^
  File "/home/Nasr/Desktop/YOLO-FINAL/yolo/lib/python3.11/site-packages/ultralytics/nn/modules/block.py", line 238, in forward
    y.extend(m(y[-1]) for m in self.m)
  File "/home/Nasr/Desktop/YOLO-FINAL/yolo/lib/python3.11/site-packages/ultralytics/nn/modules/block.py", line 238, in <genexpr>
    y.extend(m(y[-1]) for m in self.m)
             ^^^^^^^^
  File "/home/Nasr/Desktop/YOLO-FINAL/yolo/lib/python3.11/site-packages/torch/nn/modules/module.py", line 1736, in _wrapped_call_impl
    return self._call_impl(*args, **kwargs)
           ^^^^^^^^^^^^^^^^^^^^^^^^^^^^^^^^
  File "/home/Nasr/Desktop/YOLO-FINAL/yolo/lib/python3.11/site-packages/torch/nn/modules/module.py", line 1747, in _call_impl
    return forward_call(*args, **kwargs)
           ^^^^^^^^^^^^^^^^^^^^^^^^^^^^^
  File "/home/Nasr/Desktop/YOLO-FINAL/yolo/lib/python3.11/site-packages/ultralytics/nn/modules/block.py", line 263, in forward
    return self.cv3(torch.cat((self.m(self.cv1(x)), self.cv2(x)), 1))
                                                    ^^^^^^^^^^^
  File "/home/Nasr/Desktop/YOLO-FINAL/yolo/lib/python3.11/site-packages/torch/nn/modules/module.py", line 1736, in _wrapped_call_impl
    return self._call_impl(*args, **kwargs)
           ^^^^^^^^^^^^^^^^^^^^^^^^^^^^^^^^
  File "/home/Nasr/Desktop/YOLO-FINAL/yolo/lib/python3.11/site-packages/torch/nn/modules/module.py", line 1747, in _call_impl
    return forward_call(*args, **kwargs)
           ^^^^^^^^^^^^^^^^^^^^^^^^^^^^^
  File "/home/Nasr/Desktop/YOLO-FINAL/yolo/lib/python3.11/site-packages/ultralytics/nn/modules/conv.py", line 54, in forward_fuse
    return self.act(self.conv(x))
                    ^^^^^^^^^^^^
  File "/home/Nasr/Desktop/YOLO-FINAL/yolo/lib/python3.11/site-packages/torch/nn/modules/module.py", line 1736, in _wrapped_call_impl
    return self._call_impl(*args, **kwargs)
           ^^^^^^^^^^^^^^^^^^^^^^^^^^^^^^^^
  File "/home/Nasr/Desktop/YOLO-FINAL/yolo/lib/python3.11/site-packages/torch/nn/modules/module.py", line 1747, in _call_impl
    return forward_call(*args, **kwargs)
           ^^^^^^^^^^^^^^^^^^^^^^^^^^^^^
  File "/home/Nasr/Desktop/YOLO-FINAL/yolo/lib/python3.11/site-packages/torch/nn/modules/conv.py", line 554, in forward
    return self._conv_forward(input, self.weight, self.bias)
           ^^^^^^^^^^^^^^^^^^^^^^^^^^^^^^^^^^^^^^^^^^^^^^^^^
  File "/home/Nasr/Desktop/YOLO-FINAL/yolo/lib/python3.11/site-packages/torch/nn/modules/conv.py", line 549, in _conv_forward
    return F.conv2d(
           ^^^^^^^^^
KeyboardInterrupt
Running ram&cpu.py...
Processing 000000000360.jpg...

image 1/1 /home/Nasr/Desktop/YOLO-FINAL/coco128/images/train2017/000000000360.jpg: 480x640 1 person, 1 snowboard, 5916.8ms
Speed: 8.3ms preprocess, 5916.8ms inference, 3.8ms postprocess per image at shape (1, 3, 480, 640)
Processing 000000000404.jpg...

image 1/1 /home/Nasr/Desktop/YOLO-FINAL/coco128/images/train2017/000000000404.jpg: 640x448 3 boats, 4946.2ms
Speed: 5.2ms preprocess, 4946.2ms inference, 3.1ms postprocess per image at shape (1, 3, 640, 448)
Processing 000000000349.jpg...

Traceback (most recent call last):
  File "/home/Nasr/Desktop/YOLO-FINAL/ram&cpu.py", line 30, in <module>
    results = model(image_path, save=False, show=False)
              ^^^^^^^^^^^^^^^^^^^^^^^^^^^^^^^^^^^^^^^^^
  File "/home/Nasr/Desktop/YOLO-FINAL/yolo/lib/python3.11/site-packages/ultralytics/engine/model.py", line 179, in __call__
    return self.predict(source, stream, **kwargs)
           ^^^^^^^^^^^^^^^^^^^^^^^^^^^^^^^^^^^^^^
  File "/home/Nasr/Desktop/YOLO-FINAL/yolo/lib/python3.11/site-packages/ultralytics/engine/model.py", line 557, in predict
    return self.predictor.predict_cli(source=source) if is_cli else self.predictor(source=source, stream=stream)
                                                                    ^^^^^^^^^^^^^^^^^^^^^^^^^^^^^^^^^^^^^^^^^^^^
  File "/home/Nasr/Desktop/YOLO-FINAL/yolo/lib/python3.11/site-packages/ultralytics/engine/predictor.py", line 173, in __call__
    return list(self.stream_inference(source, model, *args, **kwargs))  # merge list of Result into one
           ^^^^^^^^^^^^^^^^^^^^^^^^^^^^^^^^^^^^^^^^^^^^^^^^^^^^^^^^^^^
  File "/home/Nasr/Desktop/YOLO-FINAL/yolo/lib/python3.11/site-packages/torch/utils/_contextlib.py", line 36, in generator_context
    response = gen.send(None)
               ^^^^^^^^^^^^^^
  File "/home/Nasr/Desktop/YOLO-FINAL/yolo/lib/python3.11/site-packages/ultralytics/engine/predictor.py", line 259, in stream_inference
    preds = self.inference(im, *args, **kwargs)
            ^^^^^^^^^^^^^^^^^^^^^^^^^^^^^^^^^^^
  File "/home/Nasr/Desktop/YOLO-FINAL/yolo/lib/python3.11/site-packages/ultralytics/engine/predictor.py", line 143, in inference
    return self.model(im, augment=self.args.augment, visualize=visualize, embed=self.args.embed, *args, **kwargs)
           ^^^^^^^^^^^^^^^^^^^^^^^^^^^^^^^^^^^^^^^^^^^^^^^^^^^^^^^^^^^^^^^^^^^^^^^^^^^^^^^^^^^^^^^^^^^^^^^^^^^^^^
  File "/home/Nasr/Desktop/YOLO-FINAL/yolo/lib/python3.11/site-packages/torch/nn/modules/module.py", line 1736, in _wrapped_call_impl
    return self._call_impl(*args, **kwargs)
           ^^^^^^^^^^^^^^^^^^^^^^^^^^^^^^^^
  File "/home/Nasr/Desktop/YOLO-FINAL/yolo/lib/python3.11/site-packages/torch/nn/modules/module.py", line 1747, in _call_impl
    return forward_call(*args, **kwargs)
           ^^^^^^^^^^^^^^^^^^^^^^^^^^^^^
  File "/home/Nasr/Desktop/YOLO-FINAL/yolo/lib/python3.11/site-packages/ultralytics/nn/autobackend.py", line 526, in forward
    y = self.model(im, augment=augment, visualize=visualize, embed=embed)
        ^^^^^^^^^^^^^^^^^^^^^^^^^^^^^^^^^^^^^^^^^^^^^^^^^^^^^^^^^^^^^^^^^
  File "/home/Nasr/Desktop/YOLO-FINAL/yolo/lib/python3.11/site-packages/torch/nn/modules/module.py", line 1736, in _wrapped_call_impl
    return self._call_impl(*args, **kwargs)
           ^^^^^^^^^^^^^^^^^^^^^^^^^^^^^^^^
  File "/home/Nasr/Desktop/YOLO-FINAL/yolo/lib/python3.11/site-packages/torch/nn/modules/module.py", line 1747, in _call_impl
    return forward_call(*args, **kwargs)
           ^^^^^^^^^^^^^^^^^^^^^^^^^^^^^
  File "/home/Nasr/Desktop/YOLO-FINAL/yolo/lib/python3.11/site-packages/ultralytics/nn/tasks.py", line 112, in forward
    return self.predict(x, *args, **kwargs)
           ^^^^^^^^^^^^^^^^^^^^^^^^^^^^^^^^
  File "/home/Nasr/Desktop/YOLO-FINAL/yolo/lib/python3.11/site-packages/ultralytics/nn/tasks.py", line 130, in predict
    return self._predict_once(x, profile, visualize, embed)
           ^^^^^^^^^^^^^^^^^^^^^^^^^^^^^^^^^^^^^^^^^^^^^^^^
  File "/home/Nasr/Desktop/YOLO-FINAL/yolo/lib/python3.11/site-packages/ultralytics/nn/tasks.py", line 151, in _predict_once
    x = m(x)  # run
        ^^^^
  File "/home/Nasr/Desktop/YOLO-FINAL/yolo/lib/python3.11/site-packages/torch/nn/modules/module.py", line 1736, in _wrapped_call_impl
    return self._call_impl(*args, **kwargs)
           ^^^^^^^^^^^^^^^^^^^^^^^^^^^^^^^^
  File "/home/Nasr/Desktop/YOLO-FINAL/yolo/lib/python3.11/site-packages/torch/nn/modules/module.py", line 1747, in _call_impl
    return forward_call(*args, **kwargs)
           ^^^^^^^^^^^^^^^^^^^^^^^^^^^^^
  File "/home/Nasr/Desktop/YOLO-FINAL/yolo/lib/python3.11/site-packages/ultralytics/nn/modules/block.py", line 239, in forward
    return self.cv2(torch.cat(y, 1))
           ^^^^^^^^^^^^^^^^^^^^^^^^^
  File "/home/Nasr/Desktop/YOLO-FINAL/yolo/lib/python3.11/site-packages/torch/nn/modules/module.py", line 1736, in _wrapped_call_impl
    return self._call_impl(*args, **kwargs)
           ^^^^^^^^^^^^^^^^^^^^^^^^^^^^^^^^
  File "/home/Nasr/Desktop/YOLO-FINAL/yolo/lib/python3.11/site-packages/torch/nn/modules/module.py", line 1747, in _call_impl
    return forward_call(*args, **kwargs)
           ^^^^^^^^^^^^^^^^^^^^^^^^^^^^^
  File "/home/Nasr/Desktop/YOLO-FINAL/yolo/lib/python3.11/site-packages/ultralytics/nn/modules/conv.py", line 54, in forward_fuse
    return self.act(self.conv(x))
                    ^^^^^^^^^^^^
  File "/home/Nasr/Desktop/YOLO-FINAL/yolo/lib/python3.11/site-packages/torch/nn/modules/module.py", line 1736, in _wrapped_call_impl
    return self._call_impl(*args, **kwargs)
           ^^^^^^^^^^^^^^^^^^^^^^^^^^^^^^^^
  File "/home/Nasr/Desktop/YOLO-FINAL/yolo/lib/python3.11/site-packages/torch/nn/modules/module.py", line 1747, in _call_impl
    return forward_call(*args, **kwargs)
           ^^^^^^^^^^^^^^^^^^^^^^^^^^^^^
  File "/home/Nasr/Desktop/YOLO-FINAL/yolo/lib/python3.11/site-packages/torch/nn/modules/conv.py", line 554, in forward
    return self._conv_forward(input, self.weight, self.bias)
           ^^^^^^^^^^^^^^^^^^^^^^^^^^^^^^^^^^^^^^^^^^^^^^^^^
  File "/home/Nasr/Desktop/YOLO-FINAL/yolo/lib/python3.11/site-packages/torch/nn/modules/conv.py", line 549, in _conv_forward
    return F.conv2d(
           ^^^^^^^^^
KeyboardInterrupt
