Running ram&cpu.py...
Processing 000000000360.jpg...

image 1/1 /home/Nasr/Desktop/YOLO-FINAL/coco128/images/train2017/000000000360.jpg: 480x640 1 person, 1 kite, 4142.3ms
Speed: 8.6ms preprocess, 4142.3ms inference, 3.8ms postprocess per image at shape (1, 3, 480, 640)
Processing 000000000404.jpg...

image 1/1 /home/Nasr/Desktop/YOLO-FINAL/coco128/images/train2017/000000000404.jpg: 640x448 4 boats, 3856.0ms
Speed: 5.2ms preprocess, 3856.0ms inference, 4.7ms postprocess per image at shape (1, 3, 640, 448)
Processing 000000000349.jpg...

image 1/1 /home/Nasr/Desktop/YOLO-FINAL/coco128/images/train2017/000000000349.jpg: 480x640 1 train, 2 potted plants, 4149.9ms
Speed: 6.8ms preprocess, 4149.9ms inference, 3.9ms postprocess per image at shape (1, 3, 480, 640)
Processing 000000000151.jpg...

image 1/1 /home/Nasr/Desktop/YOLO-FINAL/coco128/images/train2017/000000000151.jpg: 640x480 1 person, 1 train, 1 stop sign, 4127.9ms
Speed: 5.5ms preprocess, 4127.9ms inference, 3.8ms postprocess per image at shape (1, 3, 640, 480)
Processing 000000000626.jpg...

image 1/1 /home/Nasr/Desktop/YOLO-FINAL/coco128/images/train2017/000000000626.jpg: 480x640 2 clocks, 4021.8ms
Speed: 4.7ms preprocess, 4021.8ms inference, 4.0ms postprocess per image at shape (1, 3, 480, 640)
Processing 000000000529.jpg...

image 1/1 /home/Nasr/Desktop/YOLO-FINAL/coco128/images/train2017/000000000529.jpg: 640x448 2 persons, 1 motorcycle, 3803.4ms
Speed: 5.5ms preprocess, 3803.4ms inference, 3.9ms postprocess per image at shape (1, 3, 640, 448)
Processing 000000000569.jpg...

image 1/1 /home/Nasr/Desktop/YOLO-FINAL/coco128/images/train2017/000000000569.jpg: 480x640 1 person, 1 kite, 4072.0ms
Speed: 6.3ms preprocess, 4072.0ms inference, 3.2ms postprocess per image at shape (1, 3, 480, 640)
Processing 000000000531.jpg...

image 1/1 /home/Nasr/Desktop/YOLO-FINAL/coco128/images/train2017/000000000531.jpg: 480x640 9 persons, 2 bicycles, 1 tennis racket, 4115.4ms
Speed: 5.3ms preprocess, 4115.4ms inference, 3.6ms postprocess per image at shape (1, 3, 480, 640)
Processing 000000000359.jpg...

image 1/1 /home/Nasr/Desktop/YOLO-FINAL/coco128/images/train2017/000000000359.jpg: 448x640 1 car, 2 traffic lights, 3841.8ms
Speed: 10.6ms preprocess, 3841.8ms inference, 3.2ms postprocess per image at shape (1, 3, 448, 640)
Processing 000000000094.jpg...

image 1/1 /home/Nasr/Desktop/YOLO-FINAL/coco128/images/train2017/000000000094.jpg: 448x640 1 car, 1 truck, 3754.7ms
Speed: 4.8ms preprocess, 3754.7ms inference, 3.3ms postprocess per image at shape (1, 3, 448, 640)
Processing 000000000490.jpg...

image 1/1 /home/Nasr/Desktop/YOLO-FINAL/coco128/images/train2017/000000000490.jpg: 640x640 1 dog, 1 skateboard, 5560.3ms
Speed: 10.8ms preprocess, 5560.3ms inference, 3.3ms postprocess per image at shape (1, 3, 640, 640)
Processing 000000000459.jpg...

image 1/1 /home/Nasr/Desktop/YOLO-FINAL/coco128/images/train2017/000000000459.jpg: 640x544 1 person, 1 tie, 4625.8ms
Speed: 5.6ms preprocess, 4625.8ms inference, 6.2ms postprocess per image at shape (1, 3, 640, 544)
Processing 000000000247.jpg...

image 1/1 /home/Nasr/Desktop/YOLO-FINAL/coco128/images/train2017/000000000247.jpg: 448x640 2 cars, 1 airplane, 1 truck, 3758.0ms
Speed: 5.0ms preprocess, 3758.0ms inference, 2.8ms postprocess per image at shape (1, 3, 448, 640)
Processing 000000000042.jpg...

image 1/1 /home/Nasr/Desktop/YOLO-FINAL/coco128/images/train2017/000000000042.jpg: 480x640 1 dog, 4061.9ms
Speed: 4.3ms preprocess, 4061.9ms inference, 3.6ms postprocess per image at shape (1, 3, 480, 640)
Processing 000000000143.jpg...

image 1/1 /home/Nasr/Desktop/YOLO-FINAL/coco128/images/train2017/000000000143.jpg: 544x640 8 birds, 4658.0ms
Speed: 10.5ms preprocess, 4658.0ms inference, 3.5ms postprocess per image at shape (1, 3, 544, 640)
Processing 000000000625.jpg...

image 1/1 /home/Nasr/Desktop/YOLO-FINAL/coco128/images/train2017/000000000625.jpg: 448x640 4 persons, 1 frisbee, 3766.9ms
Speed: 5.8ms preprocess, 3766.9ms inference, 3.0ms postprocess per image at shape (1, 3, 448, 640)
Processing 000000000572.jpg...

image 1/1 /home/Nasr/Desktop/YOLO-FINAL/coco128/images/train2017/000000000572.jpg: 640x448 2 persons, 1 suitcase, 3810.3ms
Speed: 3.8ms preprocess, 3810.3ms inference, 4.4ms postprocess per image at shape (1, 3, 640, 448)
Processing 000000000368.jpg...

image 1/1 /home/Nasr/Desktop/YOLO-FINAL/coco128/images/train2017/000000000368.jpg: 640x480 11 persons, 2 sports balls, 4136.7ms
Speed: 13.2ms preprocess, 4136.7ms inference, 4.3ms postprocess per image at shape (1, 3, 640, 480)
Processing 000000000488.jpg...

image 1/1 /home/Nasr/Desktop/YOLO-FINAL/coco128/images/train2017/000000000488.jpg: 416x640 6 persons, 1 sports ball, 1 baseball bat, 1 baseball glove, 3519.8ms
Speed: 4.1ms preprocess, 3519.8ms inference, 3.3ms postprocess per image at shape (1, 3, 416, 640)
Processing 000000000142.jpg...

image 1/1 /home/Nasr/Desktop/YOLO-FINAL/coco128/images/train2017/000000000142.jpg: 640x480 2 bottles, 2 bananas, 1 sandwich, 1 dining table, 1 tv, 4147.6ms
Speed: 4.4ms preprocess, 4147.6ms inference, 3.8ms postprocess per image at shape (1, 3, 640, 480)
Processing 000000000144.jpg...

image 1/1 /home/Nasr/Desktop/YOLO-FINAL/coco128/images/train2017/000000000144.jpg: 480x640 3 giraffes, 4051.2ms
Speed: 4.3ms preprocess, 4051.2ms inference, 3.5ms postprocess per image at shape (1, 3, 480, 640)
Processing 000000000078.jpg...

image 1/1 /home/Nasr/Desktop/YOLO-FINAL/coco128/images/train2017/000000000078.jpg: 640x640 1 clock, 2 vases, 5385.3ms
Speed: 11.7ms preprocess, 5385.3ms inference, 3.3ms postprocess per image at shape (1, 3, 640, 640)
Processing 000000000092.jpg...

image 1/1 /home/Nasr/Desktop/YOLO-FINAL/coco128/images/train2017/000000000092.jpg: 448x640 1 fork, 1 cake, 1 dining table, 3754.1ms
Speed: 3.9ms preprocess, 3754.1ms inference, 2.8ms postprocess per image at shape (1, 3, 448, 640)
Processing 000000000086.jpg...

image 1/1 /home/Nasr/Desktop/YOLO-FINAL/coco128/images/train2017/000000000086.jpg: 640x512 1 person, 1 motorcycle, 1 handbag, 4364.3ms
Speed: 5.3ms preprocess, 4364.3ms inference, 3.9ms postprocess per image at shape (1, 3, 640, 512)
Processing 000000000113.jpg...

image 1/1 /home/Nasr/Desktop/YOLO-FINAL/coco128/images/train2017/000000000113.jpg: 640x416 3 persons, 8 cups, 1 knife, 1 cake, 2 chairs, 1 dining table, 3516.1ms
Speed: 4.0ms preprocess, 3516.1ms inference, 3.5ms postprocess per image at shape (1, 3, 640, 416)
Processing 000000000315.jpg...

image 1/1 /home/Nasr/Desktop/YOLO-FINAL/coco128/images/train2017/000000000315.jpg: 448x640 5 persons, 14 umbrellas, 1 handbag, 5 chairs, 3854.5ms
Speed: 8.1ms preprocess, 3854.5ms inference, 3.3ms postprocess per image at shape (1, 3, 448, 640)
Processing 000000000446.jpg...

image 1/1 /home/Nasr/Desktop/YOLO-FINAL/coco128/images/train2017/000000000446.jpg: 640x480 1 person, 1 dog, 1 couch, 1 potted plant, 1 remote, 4027.0ms
Speed: 6.0ms preprocess, 4027.0ms inference, 3.3ms postprocess per image at shape (1, 3, 640, 480)
Processing 000000000071.jpg...

image 1/1 /home/Nasr/Desktop/YOLO-FINAL/coco128/images/train2017/000000000071.jpg: 448x640 4 cars, 1 train, 3758.7ms
Speed: 9.5ms preprocess, 3758.7ms inference, 3.4ms postprocess per image at shape (1, 3, 448, 640)
Processing 000000000589.jpg...

image 1/1 /home/Nasr/Desktop/YOLO-FINAL/coco128/images/train2017/000000000589.jpg: 480x640 1 person, 4005.8ms
Speed: 4.8ms preprocess, 4005.8ms inference, 3.1ms postprocess per image at shape (1, 3, 480, 640)
Processing 000000000560.jpg...

image 1/1 /home/Nasr/Desktop/YOLO-FINAL/coco128/images/train2017/000000000560.jpg: 448x640 1 chair, 1 potted plant, 1 sink, 3793.3ms
Speed: 8.5ms preprocess, 3793.3ms inference, 3.3ms postprocess per image at shape (1, 3, 448, 640)
Processing 000000000073.jpg...

image 1/1 /home/Nasr/Desktop/YOLO-FINAL/coco128/images/train2017/000000000073.jpg: 640x576 1 person, 2 motorcycles, 4871.3ms
Speed: 6.5ms preprocess, 4871.3ms inference, 3.6ms postprocess per image at shape (1, 3, 640, 576)
Processing 000000000474.jpg...

image 1/1 /home/Nasr/Desktop/YOLO-FINAL/coco128/images/train2017/000000000474.jpg: 640x448 1 person, 1 baseball glove, 3835.2ms
Speed: 8.4ms preprocess, 3835.2ms inference, 3.7ms postprocess per image at shape (1, 3, 640, 448)
Processing 000000000595.jpg...

image 1/1 /home/Nasr/Desktop/YOLO-FINAL/coco128/images/train2017/000000000595.jpg: 480x640 1 tv, 4056.1ms
Speed: 4.3ms preprocess, 4056.1ms inference, 3.6ms postprocess per image at shape (1, 3, 480, 640)
Processing 000000000581.jpg...

image 1/1 /home/Nasr/Desktop/YOLO-FINAL/coco128/images/train2017/000000000581.jpg: 640x608 1 person, 1 dog, 1 giraffe, 5248.8ms
Speed: 11.4ms preprocess, 5248.8ms inference, 4.1ms postprocess per image at shape (1, 3, 640, 608)
Processing 000000000438.jpg...

image 1/1 /home/Nasr/Desktop/YOLO-FINAL/coco128/images/train2017/000000000438.jpg: 480x640 14 donuts, 4076.8ms
Speed: 6.5ms preprocess, 4076.8ms inference, 4.1ms postprocess per image at shape (1, 3, 480, 640)
Processing 000000000564.jpg...

image 1/1 /home/Nasr/Desktop/YOLO-FINAL/coco128/images/train2017/000000000564.jpg: 640x544 3 persons, 1 tennis racket, 11 chairs, 4611.3ms
Speed: 6.6ms preprocess, 4611.3ms inference, 3.5ms postprocess per image at shape (1, 3, 640, 544)
Processing 000000000472.jpg...

image 1/1 /home/Nasr/Desktop/YOLO-FINAL/coco128/images/train2017/000000000472.jpg: 256x640 1 airplane, 2160.3ms
Speed: 5.4ms preprocess, 2160.3ms inference, 2.8ms postprocess per image at shape (1, 3, 256, 640)
Processing 000000000584.jpg...

image 1/1 /home/Nasr/Desktop/YOLO-FINAL/coco128/images/train2017/000000000584.jpg: 448x640 1 spoon, 1 bowl, 1 broccoli, 4 carrots, 3769.5ms
Speed: 6.6ms preprocess, 3769.5ms inference, 3.1ms postprocess per image at shape (1, 3, 448, 640)
Processing 000000000081.jpg...

image 1/1 /home/Nasr/Desktop/YOLO-FINAL/coco128/images/train2017/000000000081.jpg: 448x640 1 airplane, 3868.3ms
Speed: 8.6ms preprocess, 3868.3ms inference, 3.3ms postprocess per image at shape (1, 3, 448, 640)
Processing 000000000387.jpg...

image 1/1 /home/Nasr/Desktop/YOLO-FINAL/coco128/images/train2017/000000000387.jpg: 480x640 1 person, 2 laptops, 4158.0ms
Speed: 7.1ms preprocess, 4158.0ms inference, 4.1ms postprocess per image at shape (1, 3, 480, 640)
Processing 000000000542.jpg...

image 1/1 /home/Nasr/Desktop/YOLO-FINAL/coco128/images/train2017/000000000542.jpg: 512x640 10 persons, 2 airplanes, 4439.6ms
Speed: 6.8ms preprocess, 4439.6ms inference, 3.4ms postprocess per image at shape (1, 3, 512, 640)
Processing 000000000562.jpg...

image 1/1 /home/Nasr/Desktop/YOLO-FINAL/coco128/images/train2017/000000000562.jpg: 640x448 1 cup, 3 toothbrushs, 3880.1ms
Speed: 3.9ms preprocess, 3880.1ms inference, 3.2ms postprocess per image at shape (1, 3, 640, 448)
Processing 000000000532.jpg...

image 1/1 /home/Nasr/Desktop/YOLO-FINAL/coco128/images/train2017/000000000532.jpg: 480x640 2 persons, 2 buss, 1 handbag, 4175.6ms
Speed: 7.5ms preprocess, 4175.6ms inference, 4.3ms postprocess per image at shape (1, 3, 480, 640)
Processing 000000000283.jpg...

image 1/1 /home/Nasr/Desktop/YOLO-FINAL/coco128/images/train2017/000000000283.jpg: 640x448 1 bottle, 1 wine glass, 2 chairs, 1 dining table, 3844.8ms
Speed: 3.7ms preprocess, 3844.8ms inference, 3.3ms postprocess per image at shape (1, 3, 640, 448)
Processing 000000000127.jpg...

image 1/1 /home/Nasr/Desktop/YOLO-FINAL/coco128/images/train2017/000000000127.jpg: 512x640 2 benchs, 5 umbrellas, 1 cup, 1 knife, 1 spoon, 1 cake, 3 dining tables, 2 books, 4279.5ms
Speed: 5.7ms preprocess, 4279.5ms inference, 3.9ms postprocess per image at shape (1, 3, 512, 640)
Processing 000000000450.jpg...

image 1/1 /home/Nasr/Desktop/YOLO-FINAL/coco128/images/train2017/000000000450.jpg: 480x640 2 bottles, 2 wine glasss, 2 cups, 1 pizza, 1 dining table, 4071.9ms
Speed: 6.6ms preprocess, 4071.9ms inference, 3.3ms postprocess per image at shape (1, 3, 480, 640)
Processing 000000000575.jpg...

image 1/1 /home/Nasr/Desktop/YOLO-FINAL/coco128/images/train2017/000000000575.jpg: 544x640 1 cat, 4634.4ms
Speed: 8.4ms preprocess, 4634.4ms inference, 4.7ms postprocess per image at shape (1, 3, 544, 640)
Processing 000000000322.jpg...

image 1/1 /home/Nasr/Desktop/YOLO-FINAL/coco128/images/train2017/000000000322.jpg: 512x640 1 person, 2 frisbees, 4301.8ms
Speed: 4.4ms preprocess, 4301.8ms inference, 3.8ms postprocess per image at shape (1, 3, 512, 640)
Processing 000000000415.jpg...

image 1/1 /home/Nasr/Desktop/YOLO-FINAL/coco128/images/train2017/000000000415.jpg: 640x384 2 persons, 1 tennis racket, 3305.0ms
Speed: 6.6ms preprocess, 3305.0ms inference, 3.0ms postprocess per image at shape (1, 3, 640, 384)
Processing 000000000431.jpg...

image 1/1 /home/Nasr/Desktop/YOLO-FINAL/coco128/images/train2017/000000000431.jpg: 416x640 1 person, 1 sports ball, 1 tennis racket, 3643.2ms
Speed: 6.2ms preprocess, 3643.2ms inference, 3.4ms postprocess per image at shape (1, 3, 416, 640)
Processing 000000000471.jpg...

image 1/1 /home/Nasr/Desktop/YOLO-FINAL/coco128/images/train2017/000000000471.jpg: 448x640 1 bus, 3798.0ms
Speed: 3.8ms preprocess, 3798.0ms inference, 3.2ms postprocess per image at shape (1, 3, 448, 640)
Processing 000000000036.jpg...

image 1/1 /home/Nasr/Desktop/YOLO-FINAL/coco128/images/train2017/000000000036.jpg: 640x512 1 person, 1 umbrella, 4348.8ms
Speed: 6.6ms preprocess, 4348.8ms inference, 3.4ms postprocess per image at shape (1, 3, 640, 512)
Processing 000000000620.jpg...

image 1/1 /home/Nasr/Desktop/YOLO-FINAL/coco128/images/train2017/000000000620.jpg: 640x480 1 pizza, 1 oven, 1 refrigerator, 3987.1ms
Speed: 5.0ms preprocess, 3987.1ms inference, 3.2ms postprocess per image at shape (1, 3, 640, 480)
Processing 000000000326.jpg...

image 1/1 /home/Nasr/Desktop/YOLO-FINAL/coco128/images/train2017/000000000326.jpg: 448x640 1 person, 1 wine glass, 3836.7ms
Speed: 3.8ms preprocess, 3836.7ms inference, 4.2ms postprocess per image at shape (1, 3, 448, 640)
Processing 000000000590.jpg...

image 1/1 /home/Nasr/Desktop/YOLO-FINAL/coco128/images/train2017/000000000590.jpg: 640x544 1 sink, 4582.4ms
Speed: 9.8ms preprocess, 4582.4ms inference, 4.3ms postprocess per image at shape (1, 3, 640, 544)
Processing 000000000133.jpg...

image 1/1 /home/Nasr/Desktop/YOLO-FINAL/coco128/images/train2017/000000000133.jpg: 480x640 3 beds, 3962.2ms
Speed: 4.3ms preprocess, 3962.2ms inference, 3.7ms postprocess per image at shape (1, 3, 480, 640)
Processing 000000000149.jpg...

image 1/1 /home/Nasr/Desktop/YOLO-FINAL/coco128/images/train2017/000000000149.jpg: 448x640 4 persons, 6 kites, 3810.2ms
Speed: 4.5ms preprocess, 3810.2ms inference, 5.2ms postprocess per image at shape (1, 3, 448, 640)
Processing 000000000486.jpg...

image 1/1 /home/Nasr/Desktop/YOLO-FINAL/coco128/images/train2017/000000000486.jpg: 448x640 1 bowl, 1 microwave, 1 oven, 3760.9ms
Speed: 7.2ms preprocess, 3760.9ms inference, 3.8ms postprocess per image at shape (1, 3, 448, 640)
Processing 000000000397.jpg...

image 1/1 /home/Nasr/Desktop/YOLO-FINAL/coco128/images/train2017/000000000397.jpg: 480x640 2 persons, 1 cup, 1 pizza, 3 chairs, 4053.8ms
Speed: 7.6ms preprocess, 4053.8ms inference, 4.1ms postprocess per image at shape (1, 3, 480, 640)
Processing 000000000629.jpg...

image 1/1 /home/Nasr/Desktop/YOLO-FINAL/coco128/images/train2017/000000000629.jpg: 448x640 1 motorcycle, 3793.4ms
Speed: 5.5ms preprocess, 3793.4ms inference, 2.8ms postprocess per image at shape (1, 3, 448, 640)
Processing 000000000400.jpg...

image 1/1 /home/Nasr/Desktop/YOLO-FINAL/coco128/images/train2017/000000000400.jpg: 640x640 1 boat, 2 dogs, 5482.1ms
Speed: 7.7ms preprocess, 5482.1ms inference, 3.2ms postprocess per image at shape (1, 3, 640, 640)
Processing 000000000623.jpg...

image 1/1 /home/Nasr/Desktop/YOLO-FINAL/coco128/images/train2017/000000000623.jpg: 640x480 1 person, 1 teddy bear, 4144.5ms
Speed: 9.4ms preprocess, 4144.5ms inference, 3.6ms postprocess per image at shape (1, 3, 640, 480)
Processing 000000000605.jpg...

image 1/1 /home/Nasr/Desktop/YOLO-FINAL/coco128/images/train2017/000000000605.jpg: 480x640 2 cups, 2 spoons, 1 dining table, 4045.0ms
Speed: 5.3ms preprocess, 4045.0ms inference, 3.5ms postprocess per image at shape (1, 3, 480, 640)
Processing 000000000370.jpg...

image 1/1 /home/Nasr/Desktop/YOLO-FINAL/coco128/images/train2017/000000000370.jpg: 640x480 1 person, 1 broccoli, 3978.2ms
Speed: 6.1ms preprocess, 3978.2ms inference, 3.8ms postprocess per image at shape (1, 3, 640, 480)
Processing 000000000294.jpg...

image 1/1 /home/Nasr/Desktop/YOLO-FINAL/coco128/images/train2017/000000000294.jpg: 448x640 1 person, 5 knifes, 4 spoons, 3 microwaves, 1 oven, 2 clocks, 3825.6ms
Speed: 4.6ms preprocess, 3825.6ms inference, 3.9ms postprocess per image at shape (1, 3, 448, 640)
Processing 000000000049.jpg...

image 1/1 /home/Nasr/Desktop/YOLO-FINAL/coco128/images/train2017/000000000049.jpg: 640x512 7 persons, 2 horses, 1 potted plant, 4300.7ms
Speed: 10.5ms preprocess, 4300.7ms inference, 3.5ms postprocess per image at shape (1, 3, 640, 512)
Processing 000000000136.jpg...

image 1/1 /home/Nasr/Desktop/YOLO-FINAL/coco128/images/train2017/000000000136.jpg: 480x640 2 persons, 2 giraffes, 3985.6ms
Speed: 11.1ms preprocess, 3985.6ms inference, 3.3ms postprocess per image at shape (1, 3, 480, 640)
Processing 000000000309.jpg...

image 1/1 /home/Nasr/Desktop/YOLO-FINAL/coco128/images/train2017/000000000309.jpg: 640x640 1 dog, 4 teddy bears, 5343.6ms
Speed: 13.5ms preprocess, 5343.6ms inference, 4.1ms postprocess per image at shape (1, 3, 640, 640)
Processing 000000000208.jpg...

image 1/1 /home/Nasr/Desktop/YOLO-FINAL/coco128/images/train2017/000000000208.jpg: 480x640 1 person, 1 sink, 1 toothbrush, 4058.3ms
Speed: 5.1ms preprocess, 4058.3ms inference, 3.3ms postprocess per image at shape (1, 3, 480, 640)
Processing 000000000382.jpg...

image 1/1 /home/Nasr/Desktop/YOLO-FINAL/coco128/images/train2017/000000000382.jpg: 480x640 1 person, 1 backpack, 1 skis, 4058.3ms
Speed: 5.0ms preprocess, 4058.3ms inference, 3.5ms postprocess per image at shape (1, 3, 480, 640)
Processing 000000000061.jpg...

image 1/1 /home/Nasr/Desktop/YOLO-FINAL/coco128/images/train2017/000000000061.jpg: 512x640 3 persons, 3 elephants, 4326.6ms
Speed: 7.3ms preprocess, 4326.6ms inference, 3.3ms postprocess per image at shape (1, 3, 512, 640)
Processing 000000000025.jpg...

image 1/1 /home/Nasr/Desktop/YOLO-FINAL/coco128/images/train2017/000000000025.jpg: 448x640 2 giraffes, 3708.9ms
Speed: 5.1ms preprocess, 3708.9ms inference, 3.7ms postprocess per image at shape (1, 3, 448, 640)
Processing 000000000109.jpg...

image 1/1 /home/Nasr/Desktop/YOLO-FINAL/coco128/images/train2017/000000000109.jpg: 416x640 6 persons, 1 boat, 2 benchs, 1 dog, 3524.6ms
Speed: 3.1ms preprocess, 3524.6ms inference, 3.4ms postprocess per image at shape (1, 3, 416, 640)
Processing 000000000321.jpg...

image 1/1 /home/Nasr/Desktop/YOLO-FINAL/coco128/images/train2017/000000000321.jpg: 480x640 2 bowls, 3 hot dogs, 3994.1ms
Speed: 4.4ms preprocess, 3994.1ms inference, 3.3ms postprocess per image at shape (1, 3, 480, 640)
Processing 000000000436.jpg...

image 1/1 /home/Nasr/Desktop/YOLO-FINAL/coco128/images/train2017/000000000436.jpg: 640x448 1 person, 1 bottle, 1 donut, 3800.3ms
Speed: 7.3ms preprocess, 3800.3ms inference, 3.2ms postprocess per image at shape (1, 3, 640, 448)
Processing 000000000192.jpg...

image 1/1 /home/Nasr/Desktop/YOLO-FINAL/coco128/images/train2017/000000000192.jpg: 480x640 4 persons, 1 baseball bat, 4040.0ms
Speed: 4.2ms preprocess, 4040.0ms inference, 3.8ms postprocess per image at shape (1, 3, 480, 640)
Processing 000000000384.jpg...

image 1/1 /home/Nasr/Desktop/YOLO-FINAL/coco128/images/train2017/000000000384.jpg: 640x448 2 couchs, 5 books, 1 clock, 3838.8ms
Speed: 4.5ms preprocess, 3838.8ms inference, 4.7ms postprocess per image at shape (1, 3, 640, 448)
Processing 000000000395.jpg...

image 1/1 /home/Nasr/Desktop/YOLO-FINAL/coco128/images/train2017/000000000395.jpg: 608x640 9 persons, 2 cell phones, 5103.3ms
Speed: 7.2ms preprocess, 5103.3ms inference, 4.2ms postprocess per image at shape (1, 3, 608, 640)
Processing 000000000201.jpg...

image 1/1 /home/Nasr/Desktop/YOLO-FINAL/coco128/images/train2017/000000000201.jpg: 448x640 5 snowboards, 3731.2ms
Speed: 4.9ms preprocess, 3731.2ms inference, 3.2ms postprocess per image at shape (1, 3, 448, 640)
Processing 000000000307.jpg...

image 1/1 /home/Nasr/Desktop/YOLO-FINAL/coco128/images/train2017/000000000307.jpg: 480x640 1 car, 1 dog, 1 frisbee, 4182.0ms
Speed: 4.8ms preprocess, 4182.0ms inference, 3.6ms postprocess per image at shape (1, 3, 480, 640)
Processing 000000000196.jpg...

image 1/1 /home/Nasr/Desktop/YOLO-FINAL/coco128/images/train2017/000000000196.jpg: 480x640 6 spoons, 13 bowls, 10 carrots, 1 dining table, 1 refrigerator, 4097.7ms
Speed: 4.2ms preprocess, 4097.7ms inference, 7.5ms postprocess per image at shape (1, 3, 480, 640)
Processing 000000000510.jpg...

image 1/1 /home/Nasr/Desktop/YOLO-FINAL/coco128/images/train2017/000000000510.jpg: 480x640 1 person, 1 bench, 4042.8ms
Speed: 5.3ms preprocess, 4042.8ms inference, 2.9ms postprocess per image at shape (1, 3, 480, 640)
Processing 000000000540.jpg...

image 1/1 /home/Nasr/Desktop/YOLO-FINAL/coco128/images/train2017/000000000540.jpg: 448x640 1 car, 1 airplane, 3798.1ms
Speed: 3.7ms preprocess, 3798.1ms inference, 3.1ms postprocess per image at shape (1, 3, 448, 640)
Processing 000000000357.jpg...

image 1/1 /home/Nasr/Desktop/YOLO-FINAL/coco128/images/train2017/000000000357.jpg: 224x640 8 persons, 1 baseball bat, 1 baseball glove, 1955.5ms
Speed: 2.7ms preprocess, 1955.5ms inference, 2.4ms postprocess per image at shape (1, 3, 224, 640)
Processing 000000000650.jpg...

image 1/1 /home/Nasr/Desktop/YOLO-FINAL/coco128/images/train2017/000000000650.jpg: 448x640 1 car, 1 cat, 3776.8ms
Speed: 5.7ms preprocess, 3776.8ms inference, 3.6ms postprocess per image at shape (1, 3, 448, 640)
Processing 000000000312.jpg...

image 1/1 /home/Nasr/Desktop/YOLO-FINAL/coco128/images/train2017/000000000312.jpg: 448x640 5 elephants, 3758.5ms
Speed: 4.7ms preprocess, 3758.5ms inference, 3.0ms postprocess per image at shape (1, 3, 448, 640)
Processing 000000000072.jpg...

image 1/1 /home/Nasr/Desktop/YOLO-FINAL/coco128/images/train2017/000000000072.jpg: 640x448 2 giraffes, 3759.7ms
Speed: 7.7ms preprocess, 3759.7ms inference, 4.1ms postprocess per image at shape (1, 3, 640, 448)
Processing 000000000544.jpg...

image 1/1 /home/Nasr/Desktop/YOLO-FINAL/coco128/images/train2017/000000000544.jpg: 448x640 7 persons, 1 sports ball, 1 baseball bat, 1 baseball glove, 3783.3ms
Speed: 3.9ms preprocess, 3783.3ms inference, 4.0ms postprocess per image at shape (1, 3, 448, 640)
Processing 000000000194.jpg...

image 1/1 /home/Nasr/Desktop/YOLO-FINAL/coco128/images/train2017/000000000194.jpg: 480x640 1 pizza, 4017.2ms
Speed: 5.2ms preprocess, 4017.2ms inference, 4.4ms postprocess per image at shape (1, 3, 480, 640)
Processing 000000000338.jpg...

image 1/1 /home/Nasr/Desktop/YOLO-FINAL/coco128/images/train2017/000000000338.jpg: 352x640 2 persons, 1 handbag, 2 ovens, 2 sinks, 1 refrigerator, 1 clock, 3014.2ms
Speed: 4.7ms preprocess, 3014.2ms inference, 2.5ms postprocess per image at shape (1, 3, 352, 640)
Processing 000000000077.jpg...

image 1/1 /home/Nasr/Desktop/YOLO-FINAL/coco128/images/train2017/000000000077.jpg: 480x640 5 persons, 1 skateboard, 4046.8ms
Speed: 15.3ms preprocess, 4046.8ms inference, 3.3ms postprocess per image at shape (1, 3, 480, 640)
Processing 000000000508.jpg...

image 1/1 /home/Nasr/Desktop/YOLO-FINAL/coco128/images/train2017/000000000508.jpg: 480x640 (no detections), 4085.1ms
Speed: 3.9ms preprocess, 4085.1ms inference, 3.0ms postprocess per image at shape (1, 3, 480, 640)
Processing 000000000389.jpg...

image 1/1 /home/Nasr/Desktop/YOLO-FINAL/coco128/images/train2017/000000000389.jpg: 480x640 9 persons, 1 backpack, 1 handbag, 1 tie, 4074.2ms
Speed: 5.0ms preprocess, 4074.2ms inference, 3.6ms postprocess per image at shape (1, 3, 480, 640)
Processing 000000000250.jpg...

image 1/1 /home/Nasr/Desktop/YOLO-FINAL/coco128/images/train2017/000000000250.jpg: 480x640 (no detections), 4015.2ms
Speed: 7.2ms preprocess, 4015.2ms inference, 2.9ms postprocess per image at shape (1, 3, 480, 640)
Processing 000000000597.jpg...

image 1/1 /home/Nasr/Desktop/YOLO-FINAL/coco128/images/train2017/000000000597.jpg: 256x640 7 elephants, 2261.8ms
Speed: 4.6ms preprocess, 2261.8ms inference, 2.3ms postprocess per image at shape (1, 3, 256, 640)
Processing 000000000154.jpg...

image 1/1 /home/Nasr/Desktop/YOLO-FINAL/coco128/images/train2017/000000000154.jpg: 640x448 3 zebras, 3750.7ms
Speed: 3.7ms preprocess, 3750.7ms inference, 5.1ms postprocess per image at shape (1, 3, 640, 448)
Processing 000000000138.jpg...

image 1/1 /home/Nasr/Desktop/YOLO-FINAL/coco128/images/train2017/000000000138.jpg: 576x640 1 bowl, 1 potted plant, 1 oven, 1 sink, 1 refrigerator, 2 clocks, 4 vases, 4886.6ms
Speed: 5.8ms preprocess, 4886.6ms inference, 4.3ms postprocess per image at shape (1, 3, 576, 640)
Processing 000000000165.jpg...

image 1/1 /home/Nasr/Desktop/YOLO-FINAL/coco128/images/train2017/000000000165.jpg: 544x640 2 persons, 1 scissors, 4769.5ms
Speed: 21.5ms preprocess, 4769.5ms inference, 6.9ms postprocess per image at shape (1, 3, 544, 640)
Processing 000000000089.jpg...

image 1/1 /home/Nasr/Desktop/YOLO-FINAL/coco128/images/train2017/000000000089.jpg: 480x640 6 knifes, 1 microwave, 1 oven, 4002.7ms
Speed: 3.8ms preprocess, 4002.7ms inference, 4.8ms postprocess per image at shape (1, 3, 480, 640)
Processing 000000000009.jpg...

image 1/1 /home/Nasr/Desktop/YOLO-FINAL/coco128/images/train2017/000000000009.jpg: 480x640 3 bowls, 1 apple, 1 broccoli, 4076.6ms
Speed: 4.2ms preprocess, 4076.6ms inference, 3.1ms postprocess per image at shape (1, 3, 480, 640)
Processing 000000000612.jpg...

image 1/1 /home/Nasr/Desktop/YOLO-FINAL/coco128/images/train2017/000000000612.jpg: 480x640 1 bed, 6 teddy bears, 4041.5ms
Speed: 4.0ms preprocess, 4041.5ms inference, 3.9ms postprocess per image at shape (1, 3, 480, 640)
Processing 000000000241.jpg...

image 1/1 /home/Nasr/Desktop/YOLO-FINAL/coco128/images/train2017/000000000241.jpg: 640x480 5 persons, 1 handbag, 1 bottle, 3 cups, 2 couchs, 1 potted plant, 1 remote, 4068.1ms
Speed: 7.2ms preprocess, 4068.1ms inference, 4.5ms postprocess per image at shape (1, 3, 640, 480)
Processing 000000000034.jpg...

image 1/1 /home/Nasr/Desktop/YOLO-FINAL/coco128/images/train2017/000000000034.jpg: 448x640 1 zebra, 3819.0ms
Speed: 5.0ms preprocess, 3819.0ms inference, 3.4ms postprocess per image at shape (1, 3, 448, 640)
Processing 000000000332.jpg...

image 1/1 /home/Nasr/Desktop/YOLO-FINAL/coco128/images/train2017/000000000332.jpg: 480x640 2 cups, 1 knife, 2 bowls, 3 carrots, 1 dining table, 4083.7ms
Speed: 4.9ms preprocess, 4083.7ms inference, 3.6ms postprocess per image at shape (1, 3, 480, 640)
Processing 000000000328.jpg...

image 1/1 /home/Nasr/Desktop/YOLO-FINAL/coco128/images/train2017/000000000328.jpg: 512x640 3 persons, 2 benchs, 1 backpack, 2 ties, 1 cell phone, 1 book, 4323.0ms
Speed: 7.0ms preprocess, 4323.0ms inference, 3.4ms postprocess per image at shape (1, 3, 512, 640)
Processing 000000000636.jpg...

image 1/1 /home/Nasr/Desktop/YOLO-FINAL/coco128/images/train2017/000000000636.jpg: 640x480 1 toilet, 4084.5ms
Speed: 4.6ms preprocess, 4084.5ms inference, 3.5ms postprocess per image at shape (1, 3, 640, 480)
Processing 000000000394.jpg...

image 1/1 /home/Nasr/Desktop/YOLO-FINAL/coco128/images/train2017/000000000394.jpg: 640x640 1 dog, 1 frisbee, 5427.4ms
Speed: 7.8ms preprocess, 5427.4ms inference, 3.7ms postprocess per image at shape (1, 3, 640, 640)
Processing 000000000443.jpg...

image 1/1 /home/Nasr/Desktop/YOLO-FINAL/coco128/images/train2017/000000000443.jpg: 480x640 4 persons, 1 cat, 2 couchs, 1 remote, 3964.4ms
Speed: 4.4ms preprocess, 3964.4ms inference, 3.7ms postprocess per image at shape (1, 3, 480, 640)
Processing 000000000536.jpg...

image 1/1 /home/Nasr/Desktop/YOLO-FINAL/coco128/images/train2017/000000000536.jpg: 480x640 3 persons, 2 handbags, 2 chairs, 2 cell phones, 4010.1ms
Speed: 9.9ms preprocess, 4010.1ms inference, 3.6ms postprocess per image at shape (1, 3, 480, 640)
Processing 000000000502.jpg...

image 1/1 /home/Nasr/Desktop/YOLO-FINAL/coco128/images/train2017/000000000502.jpg: 448x640 1 bear, 3720.3ms
Speed: 5.2ms preprocess, 3720.3ms inference, 3.0ms postprocess per image at shape (1, 3, 448, 640)
Processing 000000000641.jpg...

image 1/1 /home/Nasr/Desktop/YOLO-FINAL/coco128/images/train2017/000000000641.jpg: 448x640 3 persons, 2 bicycles, 1 bus, 3807.2ms
Speed: 7.4ms preprocess, 3807.2ms inference, 3.5ms postprocess per image at shape (1, 3, 448, 640)
Processing 000000000514.jpg...

image 1/1 /home/Nasr/Desktop/YOLO-FINAL/coco128/images/train2017/000000000514.jpg: 640x384 2 beds, 3333.7ms
Speed: 3.1ms preprocess, 3333.7ms inference, 3.4ms postprocess per image at shape (1, 3, 640, 384)
Processing 000000000634.jpg...

image 1/1 /home/Nasr/Desktop/YOLO-FINAL/coco128/images/train2017/000000000634.jpg: 640x448 6 persons, 2 skateboards, 3768.0ms
Speed: 4.4ms preprocess, 3768.0ms inference, 3.4ms postprocess per image at shape (1, 3, 640, 448)
Processing 000000000263.jpg...

image 1/1 /home/Nasr/Desktop/YOLO-FINAL/coco128/images/train2017/000000000263.jpg: 640x608 2 elephants, 5355.1ms
Speed: 14.9ms preprocess, 5355.1ms inference, 6.1ms postprocess per image at shape (1, 3, 640, 608)
Processing 000000000419.jpg...

image 1/1 /home/Nasr/Desktop/YOLO-FINAL/coco128/images/train2017/000000000419.jpg: 480x640 2 persons, 2 tennis rackets, 4138.7ms
Speed: 6.6ms preprocess, 4138.7ms inference, 3.7ms postprocess per image at shape (1, 3, 480, 640)
Processing 000000000030.jpg...

image 1/1 /home/Nasr/Desktop/YOLO-FINAL/coco128/images/train2017/000000000030.jpg: 448x640 1 potted plant, 1 vase, 3918.4ms
Speed: 4.9ms preprocess, 3918.4ms inference, 4.2ms postprocess per image at shape (1, 3, 448, 640)
Processing 000000000308.jpg...

image 1/1 /home/Nasr/Desktop/YOLO-FINAL/coco128/images/train2017/000000000308.jpg: 448x640 7 persons, 1 umbrella, 4 wine glasss, 1 potted plant, 3772.8ms
Speed: 6.4ms preprocess, 3772.8ms inference, 3.9ms postprocess per image at shape (1, 3, 448, 640)
Processing 000000000257.jpg...

image 1/1 /home/Nasr/Desktop/YOLO-FINAL/coco128/images/train2017/000000000257.jpg: 480x640 10 persons, 1 bus, 4 trucks, 1 traffic light, 1 backpack, 4074.6ms
Speed: 4.4ms preprocess, 4074.6ms inference, 4.0ms postprocess per image at shape (1, 3, 480, 640)
Processing 000000000064.jpg...

image 1/1 /home/Nasr/Desktop/YOLO-FINAL/coco128/images/train2017/000000000064.jpg: 640x480 1 car, 1 truck, 1 stop sign, 2 clocks, 4064.6ms
Speed: 7.0ms preprocess, 4064.6ms inference, 3.2ms postprocess per image at shape (1, 3, 640, 480)
Processing 000000000164.jpg...

image 1/1 /home/Nasr/Desktop/YOLO-FINAL/coco128/images/train2017/000000000164.jpg: 480x640 3 bottles, 1 wine glass, 2 cups, 1 chair, 1 dining table, 1 microwave, 1 refrigerator, 4023.2ms
Speed: 5.3ms preprocess, 4023.2ms inference, 4.2ms postprocess per image at shape (1, 3, 480, 640)
Processing 000000000520.jpg...

image 1/1 /home/Nasr/Desktop/YOLO-FINAL/coco128/images/train2017/000000000520.jpg: 480x640 2 persons, 8 birds, 4103.2ms
Speed: 4.8ms preprocess, 4103.2ms inference, 3.5ms postprocess per image at shape (1, 3, 480, 640)
Processing 000000000599.jpg...

image 1/1 /home/Nasr/Desktop/YOLO-FINAL/coco128/images/train2017/000000000599.jpg: 416x640 1 cat, 1 couch, 2 potted plants, 2 remotes, 3581.6ms
Speed: 6.1ms preprocess, 3581.6ms inference, 2.8ms postprocess per image at shape (1, 3, 416, 640)
Processing 000000000260.jpg...

image 1/1 /home/Nasr/Desktop/YOLO-FINAL/coco128/images/train2017/000000000260.jpg: 448x640 1 person, 1 car, 1 bus, 4 suitcases, 3802.8ms
Speed: 7.5ms preprocess, 3802.8ms inference, 4.7ms postprocess per image at shape (1, 3, 448, 640)
Processing 000000000074.jpg...

image 1/1 /home/Nasr/Desktop/YOLO-FINAL/coco128/images/train2017/000000000074.jpg: 448x640 4 persons, 1 bicycle, 1 dog, 3739.8ms
Speed: 3.7ms preprocess, 3739.8ms inference, 3.0ms postprocess per image at shape (1, 3, 448, 640)
Processing 000000000428.jpg...

image 1/1 /home/Nasr/Desktop/YOLO-FINAL/coco128/images/train2017/000000000428.jpg: 384x640 1 person, 1 tie, 1 cake, 3294.5ms
Speed: 3.8ms preprocess, 3294.5ms inference, 3.1ms postprocess per image at shape (1, 3, 384, 640)
Processing 000000000491.jpg...

image 1/1 /home/Nasr/Desktop/YOLO-FINAL/coco128/images/train2017/000000000491.jpg: 416x640 4 teddy bears, 3508.2ms
Speed: 7.2ms preprocess, 3508.2ms inference, 3.7ms postprocess per image at shape (1, 3, 416, 640)
Processing 000000000643.jpg...

image 1/1 /home/Nasr/Desktop/YOLO-FINAL/coco128/images/train2017/000000000643.jpg: 480x640 1 bottle, 1 bowl, 1 tv, 1 book, 3946.4ms
Speed: 9.0ms preprocess, 3946.4ms inference, 3.9ms postprocess per image at shape (1, 3, 480, 640)
Processing 000000000110.jpg...

image 1/1 /home/Nasr/Desktop/YOLO-FINAL/coco128/images/train2017/000000000110.jpg: 480x640 10 persons, 4 cups, 2 forks, 2 knifes, 1 pizza, 4 chairs, 1 dining table, 4042.4ms
Speed: 4.6ms preprocess, 4042.4ms inference, 3.9ms postprocess per image at shape (1, 3, 480, 640)
Average latency: 4032.4304830282927

Inference completed for all images.
Average CPU Usage (script-specific): 154.46%
Average Memory Usage (script-specific): 6.96%
ram&cpu.py executed successfully.
----------------------------------------
Running validation.py...
Ultralytics 8.3.39 🚀 Python-3.11.2 torch-2.5.1 CPU (Cortex-A76)
YOLO11m summary (fused): 303 layers, 20,091,712 parameters, 0 gradients, 68.0 GFLOPs
[34m[1mval: [0mScanning /home/Nasr/Desktop/YOLO-FINAL/datasets/coco128/labels/train2017.cache... 126 images, 2 backgrounds, 0 corrupt: 100%|██████████| 128/128 [00:00<?, ?it/s][34m[1mval: [0mScanning /home/Nasr/Desktop/YOLO-FINAL/datasets/coco128/labels/train2017.cache... 126 images, 2 backgrounds, 0 corrupt: 100%|██████████| 128/128 [00:00<?, ?it/s]
                 Class     Images  Instances      Box(P          R      mAP50  mAP50-95):   0%|          | 0/8 [00:00<?, ?it/s]                 Class     Images  Instances      Box(P          R      mAP50  mAP50-95):  12%|█▎        | 1/8 [01:05<07:40, 65.80s/it]                 Class     Images  Instances      Box(P          R      mAP50  mAP50-95):  25%|██▌       | 2/8 [02:11<06:32, 65.47s/it]                 Class     Images  Instances      Box(P          R      mAP50  mAP50-95):  38%|███▊      | 3/8 [03:25<05:48, 69.75s/it]                 Class     Images  Instances      Box(P          R      mAP50  mAP50-95):  50%|█████     | 4/8 [04:40<04:47, 71.78s/it]                 Class     Images  Instances      Box(P          R      mAP50  mAP50-95):  62%|██████▎   | 5/8 [05:56<03:39, 73.20s/it]                 Class     Images  Instances      Box(P          R      mAP50  mAP50-95):  75%|███████▌  | 6/8 [07:37<02:45, 82.62s/it]                 Class     Images  Instances      Box(P          R      mAP50  mAP50-95):  88%|████████▊ | 7/8 [09:07<01:25, 85.17s/it]                 Class     Images  Instances      Box(P          R      mAP50  mAP50-95): 100%|██████████| 8/8 [10:25<00:00, 82.71s/it]                 Class     Images  Instances      Box(P          R      mAP50  mAP50-95): 100%|██████████| 8/8 [10:25<00:00, 78.16s/it]
                   all        128        929      0.811      0.691      0.798      0.626
                person         61        254      0.915      0.701      0.848      0.657
               bicycle          3          6          1      0.621      0.738      0.558
                   car         12         46       0.92      0.261      0.483      0.303
            motorcycle          4          5      0.816          1      0.995      0.828
              airplane          5          6          1      0.941      0.995      0.951
                   bus          5          7      0.875      0.714      0.786      0.707
                 train          3          3      0.843          1      0.995      0.995
                 truck          5         12      0.732        0.5      0.611      0.393
                  boat          2          6       0.92      0.667      0.737        0.6
         traffic light          4         14          1      0.202      0.356      0.228
             stop sign          2          2      0.831          1      0.995      0.895
                 bench          5          9      0.865      0.715       0.82      0.521
                  bird          2         16      0.976          1      0.995      0.687
                   cat          4          4       0.77          1      0.995      0.915
                   dog          9          9          1       0.98      0.995      0.891
                 horse          1          2      0.793          1      0.995      0.801
              elephant          4         17      0.996      0.941      0.948      0.832
                  bear          1          1      0.688          1      0.995      0.995
                 zebra          2          4      0.879          1      0.995      0.995
               giraffe          4          9      0.918          1      0.995      0.816
              backpack          4          6          1      0.613      0.728      0.334
              umbrella          4         18      0.939      0.854      0.926      0.636
               handbag          9         19      0.833      0.316      0.488      0.261
                   tie          6          7      0.924      0.571      0.695      0.559
              suitcase          2          4      0.787          1      0.995      0.677
               frisbee          5          5      0.848        0.8      0.809       0.72
                  skis          1          1      0.706          1      0.995      0.895
             snowboard          2          7      0.904      0.714      0.893      0.712
           sports ball          6          6      0.754      0.514       0.64      0.447
                  kite          2         10       0.62        0.3      0.405     0.0998
          baseball bat          4          4      0.527      0.568      0.652      0.429
        baseball glove          4          7      0.905      0.571      0.641      0.362
            skateboard          3          5      0.633        0.4      0.645       0.32
         tennis racket          5          7      0.829      0.697      0.696      0.384
                bottle          6         18       0.75        0.5      0.695      0.459
            wine glass          5         16      0.898      0.438      0.834      0.545
                   cup         10         36      0.854      0.556      0.786      0.539
                  fork          6          6      0.599      0.266      0.474      0.326
                 knife          7         16      0.687      0.562      0.753      0.561
                 spoon          5         22      0.859      0.553      0.724      0.548
                  bowl          9         28      0.927       0.75      0.785      0.692
                banana          1          1       0.67          1      0.995      0.995
              sandwich          2          2          1      0.999      0.995      0.995
                orange          1          4          1          0      0.995      0.785
              broccoli          4         11      0.681      0.197      0.403      0.324
                carrot          3         24      0.744      0.458      0.757      0.556
               hot dog          1          2       0.58          1      0.828      0.796
                 pizza          5          5      0.916          1      0.995      0.859
                 donut          2         14      0.874      0.992      0.946      0.874
                  cake          4          4      0.793          1      0.995      0.902
                 chair          9         35      0.626      0.431      0.626      0.407
                 couch          5          6      0.895      0.833      0.955      0.734
          potted plant          9         14      0.893      0.596      0.814      0.575
                   bed          3          3       0.73      0.667      0.863      0.517
          dining table         10         13      0.782      0.615      0.697      0.516
                toilet          2          2          1       0.88      0.995      0.995
                    tv          2          2      0.773          1      0.995      0.797
                laptop          2          3      0.697      0.667       0.83      0.793
                 mouse          2          2          1          0      0.138     0.0965
                remote          5          8      0.928      0.625      0.708      0.631
            cell phone          5          8      0.765      0.413      0.459       0.31
             microwave          3          3      0.563          1      0.913      0.726
                  oven          5          5      0.358        0.4       0.46      0.335
                  sink          4          6      0.257      0.167      0.452      0.344
          refrigerator          5          5          1      0.762      0.995      0.818
                  book          6         29      0.741      0.198      0.526        0.3
                 clock          8          9      0.884      0.851      0.955       0.82
                  vase          2          2      0.373          1      0.995      0.995
              scissors          1          1      0.639          1      0.995     0.0995
            teddy bear          6         21       0.93      0.619      0.849       0.62
            toothbrush          2          5          1       0.91      0.995       0.84
Speed: 7.8ms preprocess, 4855.5ms inference, 0.0ms loss, 4.2ms postprocess per image
Results saved to [1mruns/detect/val3[0m
validation.py executed successfully.
----------------------------------------
