Running ram&cpu.py...
Processing 000000000360.jpg...

image 1/1 /home/Nasr/Desktop/YOLO-FINAL/coco128/images/train2017/000000000360.jpg: 480x640 2 persons, 1 snowboard, 10279.0ms
Speed: 9.2ms preprocess, 10279.0ms inference, 4.5ms postprocess per image at shape (1, 3, 480, 640)
Processing 000000000404.jpg...

image 1/1 /home/Nasr/Desktop/YOLO-FINAL/coco128/images/train2017/000000000404.jpg: 640x448 4 boats, 9501.8ms
Speed: 4.5ms preprocess, 9501.8ms inference, 3.2ms postprocess per image at shape (1, 3, 640, 448)
Processing 000000000349.jpg...

image 1/1 /home/Nasr/Desktop/YOLO-FINAL/coco128/images/train2017/000000000349.jpg: 480x640 1 train, 2 potted plants, 10779.0ms
Speed: 3.5ms preprocess, 10779.0ms inference, 3.2ms postprocess per image at shape (1, 3, 480, 640)
Processing 000000000151.jpg...

image 1/1 /home/Nasr/Desktop/YOLO-FINAL/coco128/images/train2017/000000000151.jpg: 640x480 1 person, 1 train, 1 stop sign, 10534.2ms
Speed: 3.8ms preprocess, 10534.2ms inference, 3.4ms postprocess per image at shape (1, 3, 640, 480)
Processing 000000000626.jpg...

image 1/1 /home/Nasr/Desktop/YOLO-FINAL/coco128/images/train2017/000000000626.jpg: 480x640 2 clocks, 10167.6ms
Speed: 6.2ms preprocess, 10167.6ms inference, 3.2ms postprocess per image at shape (1, 3, 480, 640)
Processing 000000000529.jpg...

image 1/1 /home/Nasr/Desktop/YOLO-FINAL/coco128/images/train2017/000000000529.jpg: 640x448 3 persons, 1 motorcycle, 9463.6ms
Speed: 3.8ms preprocess, 9463.6ms inference, 3.6ms postprocess per image at shape (1, 3, 640, 448)
Processing 000000000569.jpg...

image 1/1 /home/Nasr/Desktop/YOLO-FINAL/coco128/images/train2017/000000000569.jpg: 480x640 1 person, 1 kite, 10389.1ms
Speed: 3.8ms preprocess, 10389.1ms inference, 3.3ms postprocess per image at shape (1, 3, 480, 640)
Processing 000000000531.jpg...

image 1/1 /home/Nasr/Desktop/YOLO-FINAL/coco128/images/train2017/000000000531.jpg: 480x640 9 persons, 1 bicycle, 2 tennis rackets, 10106.4ms
Speed: 6.4ms preprocess, 10106.4ms inference, 3.2ms postprocess per image at shape (1, 3, 480, 640)
Processing 000000000359.jpg...

image 1/1 /home/Nasr/Desktop/YOLO-FINAL/coco128/images/train2017/000000000359.jpg: 448x640 1 car, 2 traffic lights, 9455.3ms
Speed: 8.2ms preprocess, 9455.3ms inference, 3.8ms postprocess per image at shape (1, 3, 448, 640)
Processing 000000000094.jpg...

image 1/1 /home/Nasr/Desktop/YOLO-FINAL/coco128/images/train2017/000000000094.jpg: 448x640 1 car, 1 truck, 9441.1ms
Speed: 3.5ms preprocess, 9441.1ms inference, 3.4ms postprocess per image at shape (1, 3, 448, 640)
Processing 000000000490.jpg...

image 1/1 /home/Nasr/Desktop/YOLO-FINAL/coco128/images/train2017/000000000490.jpg: 640x640 1 dog, 1 skateboard, 13627.9ms
Speed: 11.3ms preprocess, 13627.9ms inference, 3.5ms postprocess per image at shape (1, 3, 640, 640)
Processing 000000000459.jpg...

image 1/1 /home/Nasr/Desktop/YOLO-FINAL/coco128/images/train2017/000000000459.jpg: 640x544 1 person, 1 tie, 11615.6ms
Speed: 5.3ms preprocess, 11615.6ms inference, 6.2ms postprocess per image at shape (1, 3, 640, 544)
Processing 000000000247.jpg...

image 1/1 /home/Nasr/Desktop/YOLO-FINAL/coco128/images/train2017/000000000247.jpg: 448x640 3 cars, 2 airplanes, 1 truck, 9494.4ms
Speed: 4.1ms preprocess, 9494.4ms inference, 3.4ms postprocess per image at shape (1, 3, 448, 640)
Processing 000000000042.jpg...

image 1/1 /home/Nasr/Desktop/YOLO-FINAL/coco128/images/train2017/000000000042.jpg: 480x640 1 dog, 10354.6ms
Speed: 4.4ms preprocess, 10354.6ms inference, 4.1ms postprocess per image at shape (1, 3, 480, 640)
Processing 000000000143.jpg...

image 1/1 /home/Nasr/Desktop/YOLO-FINAL/coco128/images/train2017/000000000143.jpg: 544x640 8 birds, 11624.2ms
Speed: 10.4ms preprocess, 11624.2ms inference, 4.6ms postprocess per image at shape (1, 3, 544, 640)
Processing 000000000625.jpg...

image 1/1 /home/Nasr/Desktop/YOLO-FINAL/coco128/images/train2017/000000000625.jpg: 448x640 4 persons, 1 frisbee, 9594.1ms
Speed: 6.3ms preprocess, 9594.1ms inference, 4.6ms postprocess per image at shape (1, 3, 448, 640)
Processing 000000000572.jpg...

image 1/1 /home/Nasr/Desktop/YOLO-FINAL/coco128/images/train2017/000000000572.jpg: 640x448 2 persons, 1 suitcase, 9561.3ms
Speed: 3.8ms preprocess, 9561.3ms inference, 3.1ms postprocess per image at shape (1, 3, 640, 448)
Processing 000000000368.jpg...

image 1/1 /home/Nasr/Desktop/YOLO-FINAL/coco128/images/train2017/000000000368.jpg: 640x480 10 persons, 2 sports balls, 10084.4ms
Speed: 4.6ms preprocess, 10084.4ms inference, 3.3ms postprocess per image at shape (1, 3, 640, 480)
Processing 000000000488.jpg...

image 1/1 /home/Nasr/Desktop/YOLO-FINAL/coco128/images/train2017/000000000488.jpg: 416x640 5 persons, 1 sports ball, 1 baseball bat, 2 baseball gloves, 8784.3ms
Speed: 4.1ms preprocess, 8784.3ms inference, 2.9ms postprocess per image at shape (1, 3, 416, 640)
Processing 000000000142.jpg...

image 1/1 /home/Nasr/Desktop/YOLO-FINAL/coco128/images/train2017/000000000142.jpg: 640x480 2 bottles, 1 banana, 1 sandwich, 1 dining table, 1 tv, 10211.4ms
Speed: 4.3ms preprocess, 10211.4ms inference, 3.3ms postprocess per image at shape (1, 3, 640, 480)
Processing 000000000144.jpg...

image 1/1 /home/Nasr/Desktop/YOLO-FINAL/coco128/images/train2017/000000000144.jpg: 480x640 4 giraffes, 10095.3ms
Speed: 4.5ms preprocess, 10095.3ms inference, 3.8ms postprocess per image at shape (1, 3, 480, 640)
Processing 000000000078.jpg...

image 1/1 /home/Nasr/Desktop/YOLO-FINAL/coco128/images/train2017/000000000078.jpg: 640x640 1 clock, 13597.9ms
Speed: 12.0ms preprocess, 13597.9ms inference, 3.1ms postprocess per image at shape (1, 3, 640, 640)
Processing 000000000092.jpg...

image 1/1 /home/Nasr/Desktop/YOLO-FINAL/coco128/images/train2017/000000000092.jpg: 448x640 1 fork, 1 cake, 1 dining table, 9616.8ms
Speed: 3.7ms preprocess, 9616.8ms inference, 3.7ms postprocess per image at shape (1, 3, 448, 640)
Processing 000000000086.jpg...

image 1/1 /home/Nasr/Desktop/YOLO-FINAL/coco128/images/train2017/000000000086.jpg: 640x512 1 person, 1 motorcycle, 1 handbag, 10922.2ms
Speed: 3.8ms preprocess, 10922.2ms inference, 4.4ms postprocess per image at shape (1, 3, 640, 512)
Processing 000000000113.jpg...

image 1/1 /home/Nasr/Desktop/YOLO-FINAL/coco128/images/train2017/000000000113.jpg: 640x416 3 persons, 10 cups, 1 knife, 1 cake, 2 chairs, 1 dining table, 8840.3ms
Speed: 3.1ms preprocess, 8840.3ms inference, 3.3ms postprocess per image at shape (1, 3, 640, 416)
Processing 000000000315.jpg...

image 1/1 /home/Nasr/Desktop/YOLO-FINAL/coco128/images/train2017/000000000315.jpg: 448x640 8 persons, 16 umbrellas, 2 handbags, 3 chairs, 9630.2ms
Speed: 3.8ms preprocess, 9630.2ms inference, 3.8ms postprocess per image at shape (1, 3, 448, 640)
Processing 000000000446.jpg...

image 1/1 /home/Nasr/Desktop/YOLO-FINAL/coco128/images/train2017/000000000446.jpg: 640x480 1 person, 1 couch, 1 potted plant, 1 remote, 2 books, 10126.1ms
Speed: 4.8ms preprocess, 10126.1ms inference, 3.2ms postprocess per image at shape (1, 3, 640, 480)
Processing 000000000071.jpg...

image 1/1 /home/Nasr/Desktop/YOLO-FINAL/coco128/images/train2017/000000000071.jpg: 448x640 6 cars, 1 train, 9599.8ms
Speed: 3.3ms preprocess, 9599.8ms inference, 3.6ms postprocess per image at shape (1, 3, 448, 640)
Processing 000000000589.jpg...

image 1/1 /home/Nasr/Desktop/YOLO-FINAL/coco128/images/train2017/000000000589.jpg: 480x640 1 person, 10196.5ms
Speed: 3.9ms preprocess, 10196.5ms inference, 3.6ms postprocess per image at shape (1, 3, 480, 640)
Processing 000000000560.jpg...

image 1/1 /home/Nasr/Desktop/YOLO-FINAL/coco128/images/train2017/000000000560.jpg: 448x640 1 potted plant, 1 toilet, 1 sink, 9561.9ms
Speed: 7.9ms preprocess, 9561.9ms inference, 3.1ms postprocess per image at shape (1, 3, 448, 640)
Processing 000000000073.jpg...

image 1/1 /home/Nasr/Desktop/YOLO-FINAL/coco128/images/train2017/000000000073.jpg: 640x576 2 motorcycles, 12288.3ms
Speed: 6.4ms preprocess, 12288.3ms inference, 4.0ms postprocess per image at shape (1, 3, 640, 576)
Processing 000000000474.jpg...

image 1/1 /home/Nasr/Desktop/YOLO-FINAL/coco128/images/train2017/000000000474.jpg: 640x448 1 person, 1 baseball glove, 9630.6ms
Speed: 7.1ms preprocess, 9630.6ms inference, 3.1ms postprocess per image at shape (1, 3, 640, 448)
Processing 000000000595.jpg...

image 1/1 /home/Nasr/Desktop/YOLO-FINAL/coco128/images/train2017/000000000595.jpg: 480x640 1 tv, 10145.0ms
Speed: 4.2ms preprocess, 10145.0ms inference, 3.5ms postprocess per image at shape (1, 3, 480, 640)
Processing 000000000581.jpg...

image 1/1 /home/Nasr/Desktop/YOLO-FINAL/coco128/images/train2017/000000000581.jpg: 640x608 2 dogs, 13031.4ms
Speed: 10.7ms preprocess, 13031.4ms inference, 4.0ms postprocess per image at shape (1, 3, 640, 608)
Processing 000000000438.jpg...

image 1/1 /home/Nasr/Desktop/YOLO-FINAL/coco128/images/train2017/000000000438.jpg: 480x640 15 donuts, 10586.9ms
Speed: 3.9ms preprocess, 10586.9ms inference, 4.8ms postprocess per image at shape (1, 3, 480, 640)
Processing 000000000564.jpg...

image 1/1 /home/Nasr/Desktop/YOLO-FINAL/coco128/images/train2017/000000000564.jpg: 640x544 2 persons, 1 tennis racket, 9 chairs, 11694.1ms
Speed: 9.2ms preprocess, 11694.1ms inference, 4.2ms postprocess per image at shape (1, 3, 640, 544)
Processing 000000000472.jpg...

image 1/1 /home/Nasr/Desktop/YOLO-FINAL/coco128/images/train2017/000000000472.jpg: 256x640 1 airplane, 5637.3ms
Speed: 4.1ms preprocess, 5637.3ms inference, 3.6ms postprocess per image at shape (1, 3, 256, 640)
Processing 000000000584.jpg...

image 1/1 /home/Nasr/Desktop/YOLO-FINAL/coco128/images/train2017/000000000584.jpg: 448x640 2 spoons, 1 bowl, 8 carrots, 1 dining table, 9568.8ms
Speed: 3.1ms preprocess, 9568.8ms inference, 3.2ms postprocess per image at shape (1, 3, 448, 640)
Processing 000000000081.jpg...

image 1/1 /home/Nasr/Desktop/YOLO-FINAL/coco128/images/train2017/000000000081.jpg: 448x640 1 airplane, 9503.3ms
Speed: 3.4ms preprocess, 9503.3ms inference, 3.6ms postprocess per image at shape (1, 3, 448, 640)
Processing 000000000387.jpg...

image 1/1 /home/Nasr/Desktop/YOLO-FINAL/coco128/images/train2017/000000000387.jpg: 480x640 2 laptops, 1 cell phone, 10198.0ms
Speed: 6.6ms preprocess, 10198.0ms inference, 3.7ms postprocess per image at shape (1, 3, 480, 640)
Processing 000000000542.jpg...

image 1/1 /home/Nasr/Desktop/YOLO-FINAL/coco128/images/train2017/000000000542.jpg: 512x640 10 persons, 1 airplane, 1 handbag, 11033.4ms
Speed: 7.7ms preprocess, 11033.4ms inference, 3.7ms postprocess per image at shape (1, 3, 512, 640)
Processing 000000000562.jpg...

image 1/1 /home/Nasr/Desktop/YOLO-FINAL/coco128/images/train2017/000000000562.jpg: 640x448 1 cup, 3 toothbrushs, 9502.6ms
Speed: 4.7ms preprocess, 9502.6ms inference, 3.0ms postprocess per image at shape (1, 3, 640, 448)
Processing 000000000532.jpg...

image 1/1 /home/Nasr/Desktop/YOLO-FINAL/coco128/images/train2017/000000000532.jpg: 480x640 2 persons, 2 buss, 1 truck, 2 handbags, 10351.3ms
Speed: 4.7ms preprocess, 10351.3ms inference, 3.8ms postprocess per image at shape (1, 3, 480, 640)
Processing 000000000283.jpg...

image 1/1 /home/Nasr/Desktop/YOLO-FINAL/coco128/images/train2017/000000000283.jpg: 640x448 1 bottle, 1 wine glass, 2 chairs, 2 dining tables, 9493.9ms
Speed: 4.0ms preprocess, 9493.9ms inference, 3.3ms postprocess per image at shape (1, 3, 640, 448)
Processing 000000000127.jpg...

image 1/1 /home/Nasr/Desktop/YOLO-FINAL/coco128/images/train2017/000000000127.jpg: 512x640 1 person, 3 benchs, 3 backpacks, 3 umbrellas, 1 handbag, 1 cup, 1 knife, 1 spoon, 1 cake, 3 dining tables, 1 book, 10890.2ms
Speed: 3.9ms preprocess, 10890.2ms inference, 4.1ms postprocess per image at shape (1, 3, 512, 640)
Processing 000000000450.jpg...

image 1/1 /home/Nasr/Desktop/YOLO-FINAL/coco128/images/train2017/000000000450.jpg: 480x640 2 bottles, 2 wine glasss, 1 cup, 1 pizza, 1 dining table, 10311.2ms
Speed: 5.8ms preprocess, 10311.2ms inference, 3.7ms postprocess per image at shape (1, 3, 480, 640)
Processing 000000000575.jpg...

image 1/1 /home/Nasr/Desktop/YOLO-FINAL/coco128/images/train2017/000000000575.jpg: 544x640 1 cat, 11780.8ms
Speed: 5.2ms preprocess, 11780.8ms inference, 4.1ms postprocess per image at shape (1, 3, 544, 640)
Processing 000000000322.jpg...

image 1/1 /home/Nasr/Desktop/YOLO-FINAL/coco128/images/train2017/000000000322.jpg: 512x640 1 person, 2 frisbees, 10942.0ms
Speed: 5.4ms preprocess, 10942.0ms inference, 3.0ms postprocess per image at shape (1, 3, 512, 640)
Processing 000000000415.jpg...

image 1/1 /home/Nasr/Desktop/YOLO-FINAL/coco128/images/train2017/000000000415.jpg: 640x384 1 person, 1 tennis racket, 8159.8ms
Speed: 4.5ms preprocess, 8159.8ms inference, 3.1ms postprocess per image at shape (1, 3, 640, 384)
Processing 000000000431.jpg...

image 1/1 /home/Nasr/Desktop/YOLO-FINAL/coco128/images/train2017/000000000431.jpg: 416x640 1 person, 1 sports ball, 1 tennis racket, 8909.2ms
Speed: 4.7ms preprocess, 8909.2ms inference, 3.2ms postprocess per image at shape (1, 3, 416, 640)
Processing 000000000471.jpg...

image 1/1 /home/Nasr/Desktop/YOLO-FINAL/coco128/images/train2017/000000000471.jpg: 448x640 1 bus, 9533.1ms
Speed: 5.3ms preprocess, 9533.1ms inference, 3.3ms postprocess per image at shape (1, 3, 448, 640)
Processing 000000000036.jpg...

image 1/1 /home/Nasr/Desktop/YOLO-FINAL/coco128/images/train2017/000000000036.jpg: 640x512 1 person, 1 umbrella, 10928.6ms
Speed: 4.8ms preprocess, 10928.6ms inference, 3.2ms postprocess per image at shape (1, 3, 640, 512)
Processing 000000000620.jpg...

image 1/1 /home/Nasr/Desktop/YOLO-FINAL/coco128/images/train2017/000000000620.jpg: 640x480 1 pizza, 1 oven, 1 refrigerator, 10236.4ms
Speed: 3.9ms preprocess, 10236.4ms inference, 3.2ms postprocess per image at shape (1, 3, 640, 480)
Processing 000000000326.jpg...

image 1/1 /home/Nasr/Desktop/YOLO-FINAL/coco128/images/train2017/000000000326.jpg: 448x640 1 person, 1 wine glass, 9452.3ms
Speed: 4.1ms preprocess, 9452.3ms inference, 3.2ms postprocess per image at shape (1, 3, 448, 640)
Processing 000000000590.jpg...

image 1/1 /home/Nasr/Desktop/YOLO-FINAL/coco128/images/train2017/000000000590.jpg: 640x544 1 sink, 11596.5ms
Speed: 9.9ms preprocess, 11596.5ms inference, 3.8ms postprocess per image at shape (1, 3, 640, 544)
Processing 000000000133.jpg...

image 1/1 /home/Nasr/Desktop/YOLO-FINAL/coco128/images/train2017/000000000133.jpg: 480x640 2 beds, 10310.3ms
Speed: 4.4ms preprocess, 10310.3ms inference, 3.3ms postprocess per image at shape (1, 3, 480, 640)
Processing 000000000149.jpg...

image 1/1 /home/Nasr/Desktop/YOLO-FINAL/coco128/images/train2017/000000000149.jpg: 448x640 8 persons, 5 kites, 9546.9ms
Speed: 5.4ms preprocess, 9546.9ms inference, 4.1ms postprocess per image at shape (1, 3, 448, 640)
Processing 000000000486.jpg...

image 1/1 /home/Nasr/Desktop/YOLO-FINAL/coco128/images/train2017/000000000486.jpg: 448x640 1 bottle, 1 bowl, 1 dining table, 1 refrigerator, 9530.3ms
Speed: 3.7ms preprocess, 9530.3ms inference, 3.1ms postprocess per image at shape (1, 3, 448, 640)
Processing 000000000397.jpg...

image 1/1 /home/Nasr/Desktop/YOLO-FINAL/coco128/images/train2017/000000000397.jpg: 480x640 2 persons, 1 bottle, 1 cup, 1 pizza, 3 chairs, 10260.9ms
Speed: 4.9ms preprocess, 10260.9ms inference, 3.4ms postprocess per image at shape (1, 3, 480, 640)
Processing 000000000629.jpg...

image 1/1 /home/Nasr/Desktop/YOLO-FINAL/coco128/images/train2017/000000000629.jpg: 448x640 1 motorcycle, 9499.2ms
Speed: 6.3ms preprocess, 9499.2ms inference, 3.3ms postprocess per image at shape (1, 3, 448, 640)
Processing 000000000400.jpg...

image 1/1 /home/Nasr/Desktop/YOLO-FINAL/coco128/images/train2017/000000000400.jpg: 640x640 1 boat, 1 dog, 13842.4ms
Speed: 6.8ms preprocess, 13842.4ms inference, 4.2ms postprocess per image at shape (1, 3, 640, 640)
Processing 000000000623.jpg...

image 1/1 /home/Nasr/Desktop/YOLO-FINAL/coco128/images/train2017/000000000623.jpg: 640x480 1 person, 1 chair, 1 teddy bear, 10237.2ms
Speed: 10.5ms preprocess, 10237.2ms inference, 4.2ms postprocess per image at shape (1, 3, 640, 480)
Processing 000000000605.jpg...

image 1/1 /home/Nasr/Desktop/YOLO-FINAL/coco128/images/train2017/000000000605.jpg: 480x640 2 cups, 2 spoons, 1 bowl, 1 dining table, 10292.2ms
Speed: 7.7ms preprocess, 10292.2ms inference, 4.5ms postprocess per image at shape (1, 3, 480, 640)
Processing 000000000370.jpg...

image 1/1 /home/Nasr/Desktop/YOLO-FINAL/coco128/images/train2017/000000000370.jpg: 640x480 1 person, 1 broccoli, 10312.9ms
Speed: 4.0ms preprocess, 10312.9ms inference, 5.1ms postprocess per image at shape (1, 3, 640, 480)
Processing 000000000294.jpg...

image 1/1 /home/Nasr/Desktop/YOLO-FINAL/coco128/images/train2017/000000000294.jpg: 448x640 1 person, 2 forks, 6 knifes, 6 spoons, 3 microwaves, 1 oven, 1 clock, 9500.1ms
Speed: 4.1ms preprocess, 9500.1ms inference, 3.9ms postprocess per image at shape (1, 3, 448, 640)
Processing 000000000049.jpg...

image 1/1 /home/Nasr/Desktop/YOLO-FINAL/coco128/images/train2017/000000000049.jpg: 640x512 5 persons, 2 horses, 1 potted plant, 10947.1ms
Speed: 9.5ms preprocess, 10947.1ms inference, 3.4ms postprocess per image at shape (1, 3, 640, 512)
Processing 000000000136.jpg...

image 1/1 /home/Nasr/Desktop/YOLO-FINAL/coco128/images/train2017/000000000136.jpg: 480x640 2 persons, 2 giraffes, 10188.2ms
Speed: 10.4ms preprocess, 10188.2ms inference, 3.5ms postprocess per image at shape (1, 3, 480, 640)
Processing 000000000309.jpg...

image 1/1 /home/Nasr/Desktop/YOLO-FINAL/coco128/images/train2017/000000000309.jpg: 640x640 1 dog, 3 teddy bears, 13681.6ms
Speed: 14.4ms preprocess, 13681.6ms inference, 3.2ms postprocess per image at shape (1, 3, 640, 640)
Processing 000000000208.jpg...

image 1/1 /home/Nasr/Desktop/YOLO-FINAL/coco128/images/train2017/000000000208.jpg: 480x640 2 sinks, 2 toothbrushs, 10188.0ms
Speed: 6.8ms preprocess, 10188.0ms inference, 3.7ms postprocess per image at shape (1, 3, 480, 640)
Processing 000000000382.jpg...

image 1/1 /home/Nasr/Desktop/YOLO-FINAL/coco128/images/train2017/000000000382.jpg: 480x640 1 person, 1 backpack, 1 skis, 10182.5ms
Speed: 3.4ms preprocess, 10182.5ms inference, 3.9ms postprocess per image at shape (1, 3, 480, 640)
Processing 000000000061.jpg...

image 1/1 /home/Nasr/Desktop/YOLO-FINAL/coco128/images/train2017/000000000061.jpg: 512x640 3 persons, 1 bench, 2 elephants, 10854.7ms
Speed: 5.5ms preprocess, 10854.7ms inference, 3.7ms postprocess per image at shape (1, 3, 512, 640)
Processing 000000000025.jpg...

image 1/1 /home/Nasr/Desktop/YOLO-FINAL/coco128/images/train2017/000000000025.jpg: 448x640 2 giraffes, 9796.4ms
Speed: 3.9ms preprocess, 9796.4ms inference, 3.5ms postprocess per image at shape (1, 3, 448, 640)
Processing 000000000109.jpg...

image 1/1 /home/Nasr/Desktop/YOLO-FINAL/coco128/images/train2017/000000000109.jpg: 416x640 5 persons, 1 boat, 2 benchs, 8826.7ms
Speed: 3.2ms preprocess, 8826.7ms inference, 3.3ms postprocess per image at shape (1, 3, 416, 640)
Processing 000000000321.jpg...

image 1/1 /home/Nasr/Desktop/YOLO-FINAL/coco128/images/train2017/000000000321.jpg: 480x640 3 hot dogs, 10321.9ms
Speed: 3.9ms preprocess, 10321.9ms inference, 3.7ms postprocess per image at shape (1, 3, 480, 640)
Processing 000000000436.jpg...

image 1/1 /home/Nasr/Desktop/YOLO-FINAL/coco128/images/train2017/000000000436.jpg: 640x448 1 person, 1 bottle, 1 donut, 9506.4ms
Speed: 3.2ms preprocess, 9506.4ms inference, 4.5ms postprocess per image at shape (1, 3, 640, 448)
Processing 000000000192.jpg...

image 1/1 /home/Nasr/Desktop/YOLO-FINAL/coco128/images/train2017/000000000192.jpg: 480x640 4 persons, 2 baseball bats, 10210.4ms
Speed: 4.3ms preprocess, 10210.4ms inference, 3.6ms postprocess per image at shape (1, 3, 480, 640)
Processing 000000000384.jpg...

image 1/1 /home/Nasr/Desktop/YOLO-FINAL/coco128/images/train2017/000000000384.jpg: 640x448 1 couch, 6 books, 1 clock, 9538.1ms
Speed: 4.2ms preprocess, 9538.1ms inference, 3.0ms postprocess per image at shape (1, 3, 640, 448)
Processing 000000000395.jpg...

image 1/1 /home/Nasr/Desktop/YOLO-FINAL/coco128/images/train2017/000000000395.jpg: 608x640 11 persons, 2 cell phones, 13042.7ms
Speed: 5.4ms preprocess, 13042.7ms inference, 4.2ms postprocess per image at shape (1, 3, 608, 640)
Processing 000000000201.jpg...

image 1/1 /home/Nasr/Desktop/YOLO-FINAL/coco128/images/train2017/000000000201.jpg: 448x640 1 person, 5 snowboards, 9456.6ms
Speed: 5.6ms preprocess, 9456.6ms inference, 3.7ms postprocess per image at shape (1, 3, 448, 640)
Processing 000000000307.jpg...

image 1/1 /home/Nasr/Desktop/YOLO-FINAL/coco128/images/train2017/000000000307.jpg: 480x640 1 car, 1 dog, 1 frisbee, 10196.6ms
Speed: 4.5ms preprocess, 10196.6ms inference, 3.5ms postprocess per image at shape (1, 3, 480, 640)
Processing 000000000196.jpg...

image 1/1 /home/Nasr/Desktop/YOLO-FINAL/coco128/images/train2017/000000000196.jpg: 480x640 1 fork, 9 spoons, 14 bowls, 8 carrots, 1 dining table, 10153.6ms
Speed: 4.3ms preprocess, 10153.6ms inference, 4.0ms postprocess per image at shape (1, 3, 480, 640)
Processing 000000000510.jpg...

image 1/1 /home/Nasr/Desktop/YOLO-FINAL/coco128/images/train2017/000000000510.jpg: 480x640 1 person, 1 stop sign, 1 bench, 10181.5ms
Speed: 3.9ms preprocess, 10181.5ms inference, 3.4ms postprocess per image at shape (1, 3, 480, 640)
Processing 000000000540.jpg...

image 1/1 /home/Nasr/Desktop/YOLO-FINAL/coco128/images/train2017/000000000540.jpg: 448x640 3 cars, 1 airplane, 9556.2ms
Speed: 3.5ms preprocess, 9556.2ms inference, 3.5ms postprocess per image at shape (1, 3, 448, 640)
Processing 000000000357.jpg...

image 1/1 /home/Nasr/Desktop/YOLO-FINAL/coco128/images/train2017/000000000357.jpg: 224x640 8 persons, 1 sports ball, 1 baseball bat, 1 baseball glove, 4761.5ms
Speed: 1.7ms preprocess, 4761.5ms inference, 2.4ms postprocess per image at shape (1, 3, 224, 640)
Processing 000000000650.jpg...

image 1/1 /home/Nasr/Desktop/YOLO-FINAL/coco128/images/train2017/000000000650.jpg: 448x640 1 car, 1 cat, 9593.0ms
Speed: 5.0ms preprocess, 9593.0ms inference, 3.3ms postprocess per image at shape (1, 3, 448, 640)
Processing 000000000312.jpg...

image 1/1 /home/Nasr/Desktop/YOLO-FINAL/coco128/images/train2017/000000000312.jpg: 448x640 5 elephants, 9532.0ms
Speed: 3.3ms preprocess, 9532.0ms inference, 2.9ms postprocess per image at shape (1, 3, 448, 640)
Processing 000000000072.jpg...

image 1/1 /home/Nasr/Desktop/YOLO-FINAL/coco128/images/train2017/000000000072.jpg: 640x448 2 giraffes, 9562.5ms
Speed: 4.8ms preprocess, 9562.5ms inference, 3.1ms postprocess per image at shape (1, 3, 640, 448)
Processing 000000000544.jpg...

image 1/1 /home/Nasr/Desktop/YOLO-FINAL/coco128/images/train2017/000000000544.jpg: 448x640 6 persons, 1 sports ball, 1 baseball bat, 1 baseball glove, 9660.3ms
Speed: 5.7ms preprocess, 9660.3ms inference, 3.3ms postprocess per image at shape (1, 3, 448, 640)
Processing 000000000194.jpg...

image 1/1 /home/Nasr/Desktop/YOLO-FINAL/coco128/images/train2017/000000000194.jpg: 480x640 1 knife, 1 pizza, 1 dining table, 10269.9ms
Speed: 4.1ms preprocess, 10269.9ms inference, 3.8ms postprocess per image at shape (1, 3, 480, 640)
Processing 000000000338.jpg...

image 1/1 /home/Nasr/Desktop/YOLO-FINAL/coco128/images/train2017/000000000338.jpg: 352x640 2 persons, 2 handbags, 1 oven, 1 sink, 2 refrigerators, 1 clock, 7639.3ms
Speed: 3.7ms preprocess, 7639.3ms inference, 3.0ms postprocess per image at shape (1, 3, 352, 640)
Processing 000000000077.jpg...

image 1/1 /home/Nasr/Desktop/YOLO-FINAL/coco128/images/train2017/000000000077.jpg: 480x640 5 persons, 1 skateboard, 10486.4ms
Speed: 8.7ms preprocess, 10486.4ms inference, 3.7ms postprocess per image at shape (1, 3, 480, 640)
Processing 000000000508.jpg...

image 1/1 /home/Nasr/Desktop/YOLO-FINAL/coco128/images/train2017/000000000508.jpg: 480x640 (no detections), 10285.8ms
Speed: 6.5ms preprocess, 10285.8ms inference, 2.6ms postprocess per image at shape (1, 3, 480, 640)
Processing 000000000389.jpg...

image 1/1 /home/Nasr/Desktop/YOLO-FINAL/coco128/images/train2017/000000000389.jpg: 480x640 10 persons, 1 backpack, 1 tie, 10875.0ms
Speed: 6.7ms preprocess, 10875.0ms inference, 3.4ms postprocess per image at shape (1, 3, 480, 640)
Processing 000000000250.jpg...

image 1/1 /home/Nasr/Desktop/YOLO-FINAL/coco128/images/train2017/000000000250.jpg: 480x640 (no detections), 10262.0ms
Speed: 4.9ms preprocess, 10262.0ms inference, 2.8ms postprocess per image at shape (1, 3, 480, 640)
Processing 000000000597.jpg...

image 1/1 /home/Nasr/Desktop/YOLO-FINAL/coco128/images/train2017/000000000597.jpg: 256x640 7 elephants, 5512.9ms
Speed: 2.1ms preprocess, 5512.9ms inference, 2.2ms postprocess per image at shape (1, 3, 256, 640)
Processing 000000000154.jpg...

image 1/1 /home/Nasr/Desktop/YOLO-FINAL/coco128/images/train2017/000000000154.jpg: 640x448 3 zebras, 9531.2ms
Speed: 4.7ms preprocess, 9531.2ms inference, 3.1ms postprocess per image at shape (1, 3, 640, 448)
Processing 000000000138.jpg...

image 1/1 /home/Nasr/Desktop/YOLO-FINAL/coco128/images/train2017/000000000138.jpg: 576x640 1 bowl, 1 potted plant, 1 oven, 2 sinks, 1 refrigerator, 2 clocks, 3 vases, 12559.0ms
Speed: 8.6ms preprocess, 12559.0ms inference, 3.8ms postprocess per image at shape (1, 3, 576, 640)
Processing 000000000165.jpg...

image 1/1 /home/Nasr/Desktop/YOLO-FINAL/coco128/images/train2017/000000000165.jpg: 544x640 2 persons, 1 tie, 11714.4ms
Speed: 5.1ms preprocess, 11714.4ms inference, 4.7ms postprocess per image at shape (1, 3, 544, 640)
Processing 000000000089.jpg...

image 1/1 /home/Nasr/Desktop/YOLO-FINAL/coco128/images/train2017/000000000089.jpg: 480x640 6 knifes, 1 microwave, 1 oven, 4 books, 10188.7ms
Speed: 6.3ms preprocess, 10188.7ms inference, 3.4ms postprocess per image at shape (1, 3, 480, 640)
Processing 000000000009.jpg...

image 1/1 /home/Nasr/Desktop/YOLO-FINAL/coco128/images/train2017/000000000009.jpg: 480x640 3 bowls, 2 oranges, 1 broccoli, 10237.7ms
Speed: 6.7ms preprocess, 10237.7ms inference, 3.5ms postprocess per image at shape (1, 3, 480, 640)
Processing 000000000612.jpg...

image 1/1 /home/Nasr/Desktop/YOLO-FINAL/coco128/images/train2017/000000000612.jpg: 480x640 1 bed, 5 teddy bears, 10245.7ms
Speed: 5.5ms preprocess, 10245.7ms inference, 4.0ms postprocess per image at shape (1, 3, 480, 640)
Processing 000000000241.jpg...

image 1/1 /home/Nasr/Desktop/YOLO-FINAL/coco128/images/train2017/000000000241.jpg: 640x480 5 persons, 1 handbag, 1 bottle, 2 cups, 2 couchs, 1 potted plant, 1 remote, 10362.8ms
Speed: 3.5ms preprocess, 10362.8ms inference, 3.8ms postprocess per image at shape (1, 3, 640, 480)
Processing 000000000034.jpg...

image 1/1 /home/Nasr/Desktop/YOLO-FINAL/coco128/images/train2017/000000000034.jpg: 448x640 1 zebra, 9574.0ms
Speed: 5.3ms preprocess, 9574.0ms inference, 3.4ms postprocess per image at shape (1, 3, 448, 640)
Processing 000000000332.jpg...

image 1/1 /home/Nasr/Desktop/YOLO-FINAL/coco128/images/train2017/000000000332.jpg: 480x640 2 cups, 1 knife, 2 bowls, 2 carrots, 1 dining table, 10230.9ms
Speed: 6.0ms preprocess, 10230.9ms inference, 3.9ms postprocess per image at shape (1, 3, 480, 640)
Processing 000000000328.jpg...

image 1/1 /home/Nasr/Desktop/YOLO-FINAL/coco128/images/train2017/000000000328.jpg: 512x640 3 persons, 2 benchs, 2 backpacks, 2 ties, 1 cell phone, 1 book, 11079.1ms
Speed: 5.1ms preprocess, 11079.1ms inference, 4.0ms postprocess per image at shape (1, 3, 512, 640)
Processing 000000000636.jpg...

image 1/1 /home/Nasr/Desktop/YOLO-FINAL/coco128/images/train2017/000000000636.jpg: 640x480 1 toilet, 10228.0ms
Speed: 6.5ms preprocess, 10228.0ms inference, 4.7ms postprocess per image at shape (1, 3, 640, 480)
Processing 000000000394.jpg...

image 1/1 /home/Nasr/Desktop/YOLO-FINAL/coco128/images/train2017/000000000394.jpg: 640x640 1 dog, 1 frisbee, 13719.9ms
Speed: 7.2ms preprocess, 13719.9ms inference, 3.3ms postprocess per image at shape (1, 3, 640, 640)
Processing 000000000443.jpg...

image 1/1 /home/Nasr/Desktop/YOLO-FINAL/coco128/images/train2017/000000000443.jpg: 480x640 4 persons, 1 cat, 2 couchs, 1 remote, 10241.3ms
Speed: 6.5ms preprocess, 10241.3ms inference, 3.3ms postprocess per image at shape (1, 3, 480, 640)
Processing 000000000536.jpg...

image 1/1 /home/Nasr/Desktop/YOLO-FINAL/coco128/images/train2017/000000000536.jpg: 480x640 3 persons, 2 handbags, 2 chairs, 2 cell phones, 10203.9ms
Speed: 8.8ms preprocess, 10203.9ms inference, 3.2ms postprocess per image at shape (1, 3, 480, 640)
Processing 000000000502.jpg...

image 1/1 /home/Nasr/Desktop/YOLO-FINAL/coco128/images/train2017/000000000502.jpg: 448x640 1 bear, 9474.1ms
Speed: 4.8ms preprocess, 9474.1ms inference, 3.2ms postprocess per image at shape (1, 3, 448, 640)
Processing 000000000641.jpg...

image 1/1 /home/Nasr/Desktop/YOLO-FINAL/coco128/images/train2017/000000000641.jpg: 448x640 4 persons, 2 bicycles, 1 bus, 9599.9ms
Speed: 4.5ms preprocess, 9599.9ms inference, 3.2ms postprocess per image at shape (1, 3, 448, 640)
Processing 000000000514.jpg...

image 1/1 /home/Nasr/Desktop/YOLO-FINAL/coco128/images/train2017/000000000514.jpg: 640x384 1 bed, 8424.6ms
Speed: 2.8ms preprocess, 8424.6ms inference, 3.3ms postprocess per image at shape (1, 3, 640, 384)
Processing 000000000634.jpg...

image 1/1 /home/Nasr/Desktop/YOLO-FINAL/coco128/images/train2017/000000000634.jpg: 640x448 6 persons, 3 skateboards, 9462.7ms
Speed: 3.6ms preprocess, 9462.7ms inference, 3.1ms postprocess per image at shape (1, 3, 640, 448)
Processing 000000000263.jpg...

image 1/1 /home/Nasr/Desktop/YOLO-FINAL/coco128/images/train2017/000000000263.jpg: 640x608 2 elephants, 13122.2ms
Speed: 7.2ms preprocess, 13122.2ms inference, 3.8ms postprocess per image at shape (1, 3, 640, 608)
Processing 000000000419.jpg...

image 1/1 /home/Nasr/Desktop/YOLO-FINAL/coco128/images/train2017/000000000419.jpg: 480x640 2 persons, 1 tennis racket, 10208.5ms
Speed: 4.3ms preprocess, 10208.5ms inference, 3.7ms postprocess per image at shape (1, 3, 480, 640)
Processing 000000000030.jpg...

image 1/1 /home/Nasr/Desktop/YOLO-FINAL/coco128/images/train2017/000000000030.jpg: 448x640 1 vase, 9682.1ms
Speed: 4.5ms preprocess, 9682.1ms inference, 3.5ms postprocess per image at shape (1, 3, 448, 640)
Processing 000000000308.jpg...

image 1/1 /home/Nasr/Desktop/YOLO-FINAL/coco128/images/train2017/000000000308.jpg: 448x640 8 persons, 1 umbrella, 4 wine glasss, 2 potted plants, 1 clock, 9544.8ms
Speed: 3.5ms preprocess, 9544.8ms inference, 3.5ms postprocess per image at shape (1, 3, 448, 640)
Processing 000000000257.jpg...

image 1/1 /home/Nasr/Desktop/YOLO-FINAL/coco128/images/train2017/000000000257.jpg: 480x640 14 persons, 1 motorcycle, 1 bus, 4 trucks, 1 traffic light, 1 backpack, 1 handbag, 10258.9ms
Speed: 7.6ms preprocess, 10258.9ms inference, 3.7ms postprocess per image at shape (1, 3, 480, 640)
Processing 000000000064.jpg...

image 1/1 /home/Nasr/Desktop/YOLO-FINAL/coco128/images/train2017/000000000064.jpg: 640x480 1 car, 1 truck, 1 stop sign, 1 clock, 10251.5ms
Speed: 4.9ms preprocess, 10251.5ms inference, 3.3ms postprocess per image at shape (1, 3, 640, 480)
Processing 000000000164.jpg...

image 1/1 /home/Nasr/Desktop/YOLO-FINAL/coco128/images/train2017/000000000164.jpg: 480x640 5 bottles, 3 wine glasss, 8 cups, 1 chair, 1 bed, 1 dining table, 1 microwave, 1 oven, 1 refrigerator, 1 vase, 10266.4ms
Speed: 4.2ms preprocess, 10266.4ms inference, 3.7ms postprocess per image at shape (1, 3, 480, 640)
Processing 000000000520.jpg...

image 1/1 /home/Nasr/Desktop/YOLO-FINAL/coco128/images/train2017/000000000520.jpg: 480x640 1 person, 8 birds, 10198.5ms
Speed: 7.5ms preprocess, 10198.5ms inference, 3.7ms postprocess per image at shape (1, 3, 480, 640)
Processing 000000000599.jpg...

image 1/1 /home/Nasr/Desktop/YOLO-FINAL/coco128/images/train2017/000000000599.jpg: 416x640 1 cat, 1 couch, 1 potted plant, 2 remotes, 8832.2ms
Speed: 3.2ms preprocess, 8832.2ms inference, 3.5ms postprocess per image at shape (1, 3, 416, 640)
Processing 000000000260.jpg...

image 1/1 /home/Nasr/Desktop/YOLO-FINAL/coco128/images/train2017/000000000260.jpg: 448x640 2 persons, 2 cars, 1 bus, 3 suitcases, 9627.6ms
Speed: 7.1ms preprocess, 9627.6ms inference, 3.7ms postprocess per image at shape (1, 3, 448, 640)
Processing 000000000074.jpg...

image 1/1 /home/Nasr/Desktop/YOLO-FINAL/coco128/images/train2017/000000000074.jpg: 448x640 5 persons, 1 bicycle, 1 dog, 9685.7ms
Speed: 3.6ms preprocess, 9685.7ms inference, 3.1ms postprocess per image at shape (1, 3, 448, 640)
Processing 000000000428.jpg...

image 1/1 /home/Nasr/Desktop/YOLO-FINAL/coco128/images/train2017/000000000428.jpg: 384x640 1 person, 1 tie, 1 cake, 8139.2ms
Speed: 4.0ms preprocess, 8139.2ms inference, 2.9ms postprocess per image at shape (1, 3, 384, 640)
Processing 000000000491.jpg...

image 1/1 /home/Nasr/Desktop/YOLO-FINAL/coco128/images/train2017/000000000491.jpg: 416x640 4 teddy bears, 9001.5ms
Speed: 7.2ms preprocess, 9001.5ms inference, 3.0ms postprocess per image at shape (1, 3, 416, 640)
Processing 000000000643.jpg...

image 1/1 /home/Nasr/Desktop/YOLO-FINAL/coco128/images/train2017/000000000643.jpg: 480x640 1 bottle, 1 bowl, 1 tv, 2 books, 1 teddy bear, 10261.0ms
Speed: 9.2ms preprocess, 10261.0ms inference, 3.2ms postprocess per image at shape (1, 3, 480, 640)
Processing 000000000110.jpg...

image 1/1 /home/Nasr/Desktop/YOLO-FINAL/coco128/images/train2017/000000000110.jpg: 480x640 9 persons, 4 cups, 3 forks, 2 knifes, 1 pizza, 4 chairs, 2 dining tables, 10297.8ms
Speed: 4.3ms preprocess, 10297.8ms inference, 4.0ms postprocess per image at shape (1, 3, 480, 640)
Average latency: 10147.453481331468

Inference completed for all images.
Average CPU Usage (script-specific): 143.11%
Average Memory Usage (script-specific): 9.19%
ram&cpu.py executed successfully.
----------------------------------------
Running validation.py...
Ultralytics 8.3.39 🚀 Python-3.11.2 torch-2.5.1 CPU (Cortex-A76)
YOLO11x summary (fused): 464 layers, 56,919,424 parameters, 0 gradients, 194.9 GFLOPs
[34m[1mval: [0mScanning /home/Nasr/Desktop/YOLO-FINAL/datasets/coco128/labels/train2017.cache... 126 images, 2 backgrounds, 0 corrupt: 100%|██████████| 128/128 [00:00<?, ?it/s][34m[1mval: [0mScanning /home/Nasr/Desktop/YOLO-FINAL/datasets/coco128/labels/train2017.cache... 126 images, 2 backgrounds, 0 corrupt: 100%|██████████| 128/128 [00:00<?, ?it/s]
                 Class     Images  Instances      Box(P          R      mAP50  mAP50-95):   0%|          | 0/8 [00:00<?, ?it/s]                 Class     Images  Instances      Box(P          R      mAP50  mAP50-95):  12%|█▎        | 1/8 [02:51<19:59, 171.33s/it]                 Class     Images  Instances      Box(P          R      mAP50  mAP50-95):  25%|██▌       | 2/8 [05:40<16:59, 169.97s/it]                 Class     Images  Instances      Box(P          R      mAP50  mAP50-95):  38%|███▊      | 3/8 [08:55<15:06, 181.39s/it]                 Class     Images  Instances      Box(P          R      mAP50  mAP50-95):  50%|█████     | 4/8 [12:11<12:29, 187.26s/it]                 Class     Images  Instances      Box(P          R      mAP50  mAP50-95):  62%|██████▎   | 5/8 [15:27<09:31, 190.46s/it]Error occurred while running validation.py.
----------------------------------------
